<br><br><br><b>-------------------------------------------------------------</b><br><b>Starting Daily script at 15.03.21 00:00:01</b><br>
<font color=#0000ff>Starting <b>Reset New Registration Count</b>...</font><br>
<font color=#0000ff>Executed <b>Reset New Registration Count</b> (</font><font color=#ff0000>queries: 1</font><font color=#0000ff>) in </font><font color=#009900>0.0077 secs</font><br><br>
<font color=#0000ff>Starting <b>Sitting abuse check</b>...</font><br>
<font color=#0000ff>Executed <b>Sitting abuse check</b> (</font><font color=#ff0000>queries: 2</font><font color=#0000ff>) in </font><font color=#009900>0.0011 secs</font><br><br>
<font color=#0000ff>Starting <b>Create galaxy map</b>...</font><br>
<br><br><br><b>-------------------------------------------------------------</b><br><b>Starting Daily script at 16.03.21 00:00:01</b><br>
<font color=#0000ff>Starting <b>Reset New Registration Count</b>...</font><br>
<font color=#0000ff>Executed <b>Reset New Registration Count</b> (</font><font color=#ff0000>queries: 1</font><font color=#0000ff>) in </font><font color=#009900>0.0083 secs</font><br><br>
<font color=#0000ff>Starting <b>Sitting abuse check</b>...</font><br>
<font color=#0000ff>Executed <b>Sitting abuse check</b> (</font><font color=#ff0000>queries: 2</font><font color=#0000ff>) in </font><font color=#009900>0.0013 secs</font><br><br>
<font color=#0000ff>Starting <b>Create galaxy map</b>...</font><br>
<br><br><br><b>-------------------------------------------------------------</b><br><b>Starting Daily script at 17.03.21 00:00:01</b><br>
<font color=#0000ff>Starting <b>Reset New Registration Count</b>...</font><br>
<font color=#0000ff>Executed <b>Reset New Registration Count</b> (</font><font color=#ff0000>queries: 1</font><font color=#0000ff>) in </font><font color=#009900>0.0109 secs</font><br><br>
<font color=#0000ff>Starting <b>Sitting abuse check</b>...</font><br>
<font color=#0000ff>Executed <b>Sitting abuse check</b> (</font><font color=#ff0000>queries: 2</font><font color=#0000ff>) in </font><font color=#009900>0.0008 secs</font><br><br>
<font color=#0000ff>Starting <b>Create galaxy map</b>...</font><br>
<font color=#0000ff>Executed <b>Create galaxy map</b> (</font><font color=#ff0000>queries: 1</font><font color=#0000ff>) in </font><font color=#009900>0.0767 secs</font><br><br>
<font color=#0000ff>Starting <b>Slimming ship movements</b>...</font><br>
<font color=#0000ff>Executed <b>Slimming ship movements</b> (</font><font color=#ff0000>queries: 2</font><font color=#0000ff>) in </font><font color=#009900>0.0031 secs</font><br><br>
<font color=#0000ff>Starting <b>Optimize tables</b>...</font><br>
<font color=#0000ff>Executed <b>Optimize tables</b> (</font><font color=#ff0000>queries: 1</font><font color=#0000ff>) in </font><font color=#009900>0.0383 secs</font><br><br>
<font color=#0000ff>Starting <b>Compress log files</b>...</font><br>
<font color=#0000ff>Executed <b>Compress log files</b> (</font><font color=#ff0000>queries: 0</font><font color=#0000ff>) in </font><font color=#009900>0.1008 secs</font><br><br>
<font color=#0000ff>Starting <b>Clean temporary security images</b>...</font><br>
<font color=#0000ff>Executed <b>Clean temporary security images</b> (</font><font color=#ff0000>queries: 0</font><font color=#0000ff>) in </font><font color=#009900>0.0002 secs</font><br><br>
<b>Finished Daily script in <font color=#009900>0.2463 secs</font><br>Executed Queries: <font color=#ff0000>7</font></b><br>
<br><br><br><b>-------------------------------------------------------------</b><br><b>Starting Daily script at 18.03.21 00:00:01</b><br>
<font color=#0000ff>Starting <b>Reset New Registration Count</b>...</font><br>
<font color=#0000ff>Executed <b>Reset New Registration Count</b> (</font><font color=#ff0000>queries: 1</font><font color=#0000ff>) in </font><font color=#009900>0.0141 secs</font><br><br>
<font color=#0000ff>Starting <b>Sitting abuse check</b>...</font><br>
<font color=#0000ff>Executed <b>Sitting abuse check</b> (</font><font color=#ff0000>queries: 2</font><font color=#0000ff>) in </font><font color=#009900>0.001 secs</font><br><br>
<font color=#0000ff>Starting <b>Create galaxy map</b>...</font><br>
<font color=#0000ff>Executed <b>Create galaxy map</b> (</font><font color=#ff0000>queries: 1</font><font color=#0000ff>) in </font><font color=#009900>0.0649 secs</font><br><br>
<font color=#0000ff>Starting <b>Slimming ship movements</b>...</font><br>
<font color=#0000ff>Executed <b>Slimming ship movements</b> (</font><font color=#ff0000>queries: 2</font><font color=#0000ff>) in </font><font color=#009900>0.0082 secs</font><br><br>
<font color=#0000ff>Starting <b>Optimize tables</b>...</font><br>
<font color=#0000ff>Executed <b>Optimize tables</b> (</font><font color=#ff0000>queries: 1</font><font color=#0000ff>) in </font><font color=#009900>0.0331 secs</font><br><br>
<font color=#0000ff>Starting <b>Compress log files</b>...</font><br>
<font color=#0000ff>Executed <b>Compress log files</b> (</font><font color=#ff0000>queries: 0</font><font color=#0000ff>) in </font><font color=#009900>0.1924 secs</font><br><br>
<font color=#0000ff>Starting <b>Clean temporary security images</b>...</font><br>
<font color=#0000ff>Executed <b>Clean temporary security images</b> (</font><font color=#ff0000>queries: 0</font><font color=#0000ff>) in </font><font color=#009900>0.0003 secs</font><br><br>
<b>Finished Daily script in <font color=#009900>0.3262 secs</font><br>Executed Queries: <font color=#ff0000>7</font></b><br>
<br><br><br><b>-------------------------------------------------------------</b><br><b>Starting Daily script at 19.03.21 00:00:01</b><br>
<font color=#0000ff>Starting <b>Reset New Registration Count</b>...</font><br>
<font color=#0000ff>Executed <b>Reset New Registration Count</b> (</font><font color=#ff0000>queries: 1</font><font color=#0000ff>) in </font><font color=#009900>0.0038 secs</font><br><br>
<font color=#0000ff>Starting <b>Sitting abuse check</b>...</font><br>
<font color=#0000ff>Executed <b>Sitting abuse check</b> (</font><font color=#ff0000>queries: 2</font><font color=#0000ff>) in </font><font color=#009900>0.001 secs</font><br><br>
<font color=#0000ff>Starting <b>Create galaxy map</b>...</font><br>
<font color=#0000ff>Executed <b>Create galaxy map</b> (</font><font color=#ff0000>queries: 1</font><font color=#0000ff>) in </font><font color=#009900>0.0737 secs</font><br><br>
<font color=#0000ff>Starting <b>Slimming ship movements</b>...</font><br>
<font color=#0000ff>Executed <b>Slimming ship movements</b> (</font><font color=#ff0000>queries: 2</font><font color=#0000ff>) in </font><font color=#009900>0.0049 secs</font><br><br>
<font color=#0000ff>Starting <b>Optimize tables</b>...</font><br>
<font color=#0000ff>Executed <b>Optimize tables</b> (</font><font color=#ff0000>queries: 1</font><font color=#0000ff>) in </font><font color=#009900>0.0611 secs</font><br><br>
<font color=#0000ff>Starting <b>Compress log files</b>...</font><br>
<font color=#0000ff>Executed <b>Compress log files</b> (</font><font color=#ff0000>queries: 0</font><font color=#0000ff>) in </font><font color=#009900>0.2795 secs</font><br><br>
<font color=#0000ff>Starting <b>Clean temporary security images</b>...</font><br>
<font color=#0000ff>Executed <b>Clean temporary security images</b> (</font><font color=#ff0000>queries: 0</font><font color=#0000ff>) in </font><font color=#009900>0.0002 secs</font><br><br>
<b>Finished Daily script in <font color=#009900>0.4397 secs</font><br>Executed Queries: <font color=#ff0000>7</font></b><br>
<br><br><br><b>-------------------------------------------------------------</b><br><b>Starting Daily script at 20.03.21 00:00:01</b><br>
<font color=#0000ff>Starting <b>Reset New Registration Count</b>...</font><br>
<font color=#0000ff>Executed <b>Reset New Registration Count</b> (</font><font color=#ff0000>queries: 1</font><font color=#0000ff>) in </font><font color=#009900>0.0036 secs</font><br><br>
<font color=#0000ff>Starting <b>Sitting abuse check</b>...</font><br>
<font color=#0000ff>Executed <b>Sitting abuse check</b> (</font><font color=#ff0000>queries: 2</font><font color=#0000ff>) in </font><font color=#009900>0.0008 secs</font><br><br>
<font color=#0000ff>Starting <b>Create galaxy map</b>...</font><br>
<font color=#0000ff>Executed <b>Create galaxy map</b> (</font><font color=#ff0000>queries: 1</font><font color=#0000ff>) in </font><font color=#009900>0.0724 secs</font><br><br>
<font color=#0000ff>Starting <b>Slimming ship movements</b>...</font><br>
<font color=#0000ff>Executed <b>Slimming ship movements</b> (</font><font color=#ff0000>queries: 2</font><font color=#0000ff>) in </font><font color=#009900>0.0008 secs</font><br><br>
<font color=#0000ff>Starting <b>Optimize tables</b>...</font><br>
<font color=#0000ff>Executed <b>Optimize tables</b> (</font><font color=#ff0000>queries: 1</font><font color=#0000ff>) in </font><font color=#009900>0.1087 secs</font><br><br>
<font color=#0000ff>Starting <b>Compress log files</b>...</font><br>
<font color=#0000ff>Executed <b>Compress log files</b> (</font><font color=#ff0000>queries: 0</font><font color=#0000ff>) in </font><font color=#009900>0.3609 secs</font><br><br>
<font color=#0000ff>Starting <b>Clean temporary security images</b>...</font><br>
<font color=#0000ff>Executed <b>Clean temporary security images</b> (</font><font color=#ff0000>queries: 0</font><font color=#0000ff>) in </font><font color=#009900>0.0003 secs</font><br><br>
<b>Finished Daily script in <font color=#009900>0.5681 secs</font><br>Executed Queries: <font color=#ff0000>7</font></b><br>
<br><br><br><b>-------------------------------------------------------------</b><br><b>Starting Daily script at 21.03.21 00:00:01</b><br>
<font color=#0000ff>Starting <b>Reset New Registration Count</b>...</font><br>
<font color=#0000ff>Executed <b>Reset New Registration Count</b> (</font><font color=#ff0000>queries: 1</font><font color=#0000ff>) in </font><font color=#009900>0.0062 secs</font><br><br>
<font color=#0000ff>Starting <b>Sitting abuse check</b>...</font><br>
<font color=#0000ff>Executed <b>Sitting abuse check</b> (</font><font color=#ff0000>queries: 2</font><font color=#0000ff>) in </font><font color=#009900>0.0039 secs</font><br><br>
<font color=#0000ff>Starting <b>Create galaxy map</b>...</font><br>
<font color=#0000ff>Executed <b>Create galaxy map</b> (</font><font color=#ff0000>queries: 1</font><font color=#0000ff>) in </font><font color=#009900>0.0854 secs</font><br><br>
<font color=#0000ff>Starting <b>Slimming ship movements</b>...</font><br>
<font color=#0000ff>Executed <b>Slimming ship movements</b> (</font><font color=#ff0000>queries: 2</font><font color=#0000ff>) in </font><font color=#009900>0.0103 secs</font><br><br>
<font color=#0000ff>Starting <b>Optimize tables</b>...</font><br>
<font color=#0000ff>Executed <b>Optimize tables</b> (</font><font color=#ff0000>queries: 1</font><font color=#0000ff>) in </font><font color=#009900>0.0943 secs</font><br><br>
<font color=#0000ff>Starting <b>Compress log files</b>...</font><br>
<font color=#0000ff>Executed <b>Compress log files</b> (</font><font color=#ff0000>queries: 0</font><font color=#0000ff>) in </font><font color=#009900>0.3768 secs</font><br><br>
<font color=#0000ff>Starting <b>Clean temporary security images</b>...</font><br>
<font color=#0000ff>Executed <b>Clean temporary security images</b> (</font><font color=#ff0000>queries: 0</font><font color=#0000ff>) in </font><font color=#009900>0.0003 secs</font><br><br>
<b>Finished Daily script in <font color=#009900>0.5982 secs</font><br>Executed Queries: <font color=#ff0000>7</font></b><br>
<br><br><br><b>-------------------------------------------------------------</b><br><b>Starting Daily script at 22.03.21 00:00:01</b><br>
<font color=#0000ff>Starting <b>Reset New Registration Count</b>...</font><br>
<font color=#0000ff>Executed <b>Reset New Registration Count</b> (</font><font color=#ff0000>queries: 1</font><font color=#0000ff>) in </font><font color=#009900>0.0072 secs</font><br><br>
<font color=#0000ff>Starting <b>Sitting abuse check</b>...</font><br>
<font color=#0000ff>Executed <b>Sitting abuse check</b> (</font><font color=#ff0000>queries: 2</font><font color=#0000ff>) in </font><font color=#009900>0.0013 secs</font><br><br>
<font color=#0000ff>Starting <b>Create galaxy map</b>...</font><br>
<font color=#0000ff>Executed <b>Create galaxy map</b> (</font><font color=#ff0000>queries: 1</font><font color=#0000ff>) in </font><font color=#009900>0.087 secs</font><br><br>
<font color=#0000ff>Starting <b>Slimming ship movements</b>...</font><br>
<font color=#0000ff>Executed <b>Slimming ship movements</b> (</font><font color=#ff0000>queries: 2</font><font color=#0000ff>) in </font><font color=#009900>0.016 secs</font><br><br>
<font color=#0000ff>Starting <b>Optimize tables</b>...</font><br>
<font color=#0000ff>Executed <b>Optimize tables</b> (</font><font color=#ff0000>queries: 1</font><font color=#0000ff>) in </font><font color=#009900>0.0914 secs</font><br><br>
<font color=#0000ff>Starting <b>Compress log files</b>...</font><br>
<font color=#0000ff>Executed <b>Compress log files</b> (</font><font color=#ff0000>queries: 0</font><font color=#0000ff>) in </font><font color=#009900>0.3556 secs</font><br><br>
<font color=#0000ff>Starting <b>Clean temporary security images</b>...</font><br>
<font color=#0000ff>Executed <b>Clean temporary security images</b> (</font><font color=#ff0000>queries: 0</font><font color=#0000ff>) in </font><font color=#009900>0.0003 secs</font><br><br>
<b>Finished Daily script in <font color=#009900>0.5736 secs</font><br>Executed Queries: <font color=#ff0000>7</font></b><br>
<br><br><br><b>-------------------------------------------------------------</b><br><b>Starting Daily script at 23.03.21 00:00:01</b><br>
<font color=#0000ff>Starting <b>Reset New Registration Count</b>...</font><br>
<font color=#0000ff>Executed <b>Reset New Registration Count</b> (</font><font color=#ff0000>queries: 1</font><font color=#0000ff>) in </font><font color=#009900>0.0124 secs</font><br><br>
<font color=#0000ff>Starting <b>Sitting abuse check</b>...</font><br>
<font color=#0000ff>Executed <b>Sitting abuse check</b> (</font><font color=#ff0000>queries: 2</font><font color=#0000ff>) in </font><font color=#009900>0.001 secs</font><br><br>
<font color=#0000ff>Starting <b>Create galaxy map</b>...</font><br>
<font color=#0000ff>Executed <b>Create galaxy map</b> (</font><font color=#ff0000>queries: 1</font><font color=#0000ff>) in </font><font color=#009900>0.0841 secs</font><br><br>
<font color=#0000ff>Starting <b>Slimming ship movements</b>...</font><br>
<font color=#0000ff>Executed <b>Slimming ship movements</b> (</font><font color=#ff0000>queries: 2</font><font color=#0000ff>) in </font><font color=#009900>0.001 secs</font><br><br>
<font color=#0000ff>Starting <b>Optimize tables</b>...</font><br>
<font color=#0000ff>Executed <b>Optimize tables</b> (</font><font color=#ff0000>queries: 1</font><font color=#0000ff>) in </font><font color=#009900>0.1233 secs</font><br><br>
<font color=#0000ff>Starting <b>Compress log files</b>...</font><br>
<font color=#0000ff>Executed <b>Compress log files</b> (</font><font color=#ff0000>queries: 0</font><font color=#0000ff>) in </font><font color=#009900>0.3836 secs</font><br><br>
<font color=#0000ff>Starting <b>Clean temporary security images</b>...</font><br>
<font color=#0000ff>Executed <b>Clean temporary security images</b> (</font><font color=#ff0000>queries: 0</font><font color=#0000ff>) in </font><font color=#009900>0.0003 secs</font><br><br>
<b>Finished Daily script in <font color=#009900>0.6094 secs</font><br>Executed Queries: <font color=#ff0000>7</font></b><br>
<br><br><br><b>-------------------------------------------------------------</b><br><b>Starting Daily script at 24.03.21 00:00:01</b><br>
<font color=#0000ff>Starting <b>Reset New Registration Count</b>...</font><br>
<font color=#0000ff>Executed <b>Reset New Registration Count</b> (</font><font color=#ff0000>queries: 1</font><font color=#0000ff>) in </font><font color=#009900>0.0034 secs</font><br><br>
<font color=#0000ff>Starting <b>Sitting abuse check</b>...</font><br>
<font color=#0000ff>Executed <b>Sitting abuse check</b> (</font><font color=#ff0000>queries: 2</font><font color=#0000ff>) in </font><font color=#009900>0.0006 secs</font><br><br>
<font color=#0000ff>Starting <b>Create galaxy map</b>...</font><br>
<font color=#0000ff>Executed <b>Create galaxy map</b> (</font><font color=#ff0000>queries: 1</font><font color=#0000ff>) in </font><font color=#009900>0.0856 secs</font><br><br>
<font color=#0000ff>Starting <b>Slimming ship movements</b>...</font><br>
<font color=#0000ff>Executed <b>Slimming ship movements</b> (</font><font color=#ff0000>queries: 2</font><font color=#0000ff>) in </font><font color=#009900>0.003 secs</font><br><br>
<font color=#0000ff>Starting <b>Optimize tables</b>...</font><br>
<font color=#0000ff>Executed <b>Optimize tables</b> (</font><font color=#ff0000>queries: 1</font><font color=#0000ff>) in </font><font color=#009900>0.0745 secs</font><br><br>
<font color=#0000ff>Starting <b>Compress log files</b>...</font><br>
<font color=#0000ff>Executed <b>Compress log files</b> (</font><font color=#ff0000>queries: 0</font><font color=#0000ff>) in </font><font color=#009900>0.4101 secs</font><br><br>
<font color=#0000ff>Starting <b>Clean temporary security images</b>...</font><br>
<font color=#0000ff>Executed <b>Clean temporary security images</b> (</font><font color=#ff0000>queries: 0</font><font color=#0000ff>) in </font><font color=#009900>0.0003 secs</font><br><br>
<b>Finished Daily script in <font color=#009900>0.5977 secs</font><br>Executed Queries: <font color=#ff0000>7</font></b><br>
<br><br><br><b>-------------------------------------------------------------</b><br><b>Starting Daily script at 25.03.21 00:00:01</b><br>
<font color=#0000ff>Starting <b>Reset New Registration Count</b>...</font><br>
<font color=#0000ff>Executed <b>Reset New Registration Count</b> (</font><font color=#ff0000>queries: 1</font><font color=#0000ff>) in </font><font color=#009900>0.0087 secs</font><br><br>
<font color=#0000ff>Starting <b>Sitting abuse check</b>...</font><br>
<font color=#0000ff>Executed <b>Sitting abuse check</b> (</font><font color=#ff0000>queries: 2</font><font color=#0000ff>) in </font><font color=#009900>0.0042 secs</font><br><br>
<font color=#0000ff>Starting <b>Create galaxy map</b>...</font><br>
<font color=#0000ff>Executed <b>Create galaxy map</b> (</font><font color=#ff0000>queries: 1</font><font color=#0000ff>) in </font><font color=#009900>0.0817 secs</font><br><br>
<font color=#0000ff>Starting <b>Slimming ship movements</b>...</font><br>
<font color=#0000ff>Executed <b>Slimming ship movements</b> (</font><font color=#ff0000>queries: 2</font><font color=#0000ff>) in </font><font color=#009900>0.0049 secs</font><br><br>
<font color=#0000ff>Starting <b>Optimize tables</b>...</font><br>
<font color=#0000ff>Executed <b>Optimize tables</b> (</font><font color=#ff0000>queries: 1</font><font color=#0000ff>) in </font><font color=#009900>0.1466 secs</font><br><br>
<font color=#0000ff>Starting <b>Compress log files</b>...</font><br>
<font color=#0000ff>Executed <b>Compress log files</b> (</font><font color=#ff0000>queries: 0</font><font color=#0000ff>) in </font><font color=#009900>0.1849 secs</font><br><br>
<font color=#0000ff>Starting <b>Clean temporary security images</b>...</font><br>
<font color=#0000ff>Executed <b>Clean temporary security images</b> (</font><font color=#ff0000>queries: 0</font><font color=#0000ff>) in </font><font color=#009900>0.0003 secs</font><br><br>
<b>Finished Daily script in <font color=#009900>0.4482 secs</font><br>Executed Queries: <font color=#ff0000>7</font></b><br>
<br><br><br><b>-------------------------------------------------------------</b><br><b>Starting Daily script at 26.03.21 00:00:01</b><br>
<font color=#0000ff>Starting <b>Reset New Registration Count</b>...</font><br>
<font color=#0000ff>Executed <b>Reset New Registration Count</b> (</font><font color=#ff0000>queries: 1</font><font color=#0000ff>) in </font><font color=#009900>0.0019 secs</font><br><br>
<font color=#0000ff>Starting <b>Sitting abuse check</b>...</font><br>
<font color=#0000ff>Executed <b>Sitting abuse check</b> (</font><font color=#ff0000>queries: 2</font><font color=#0000ff>) in </font><font color=#009900>0.0014 secs</font><br><br>
<font color=#0000ff>Starting <b>Create galaxy map</b>...</font><br>
<font color=#0000ff>Executed <b>Create galaxy map</b> (</font><font color=#ff0000>queries: 1</font><font color=#0000ff>) in </font><font color=#009900>0.1108 secs</font><br><br>
<font color=#0000ff>Starting <b>Slimming ship movements</b>...</font><br>
<font color=#0000ff>Executed <b>Slimming ship movements</b> (</font><font color=#ff0000>queries: 2</font><font color=#0000ff>) in </font><font color=#009900>0.005 secs</font><br><br>
<font color=#0000ff>Starting <b>Optimize tables</b>...</font><br>
<font color=#0000ff>Executed <b>Optimize tables</b> (</font><font color=#ff0000>queries: 1</font><font color=#0000ff>) in </font><font color=#009900>0.0906 secs</font><br><br>
<font color=#0000ff>Starting <b>Compress log files</b>...</font><br>
<font color=#0000ff>Executed <b>Compress log files</b> (</font><font color=#ff0000>queries: 0</font><font color=#0000ff>) in </font><font color=#009900>0.4049 secs</font><br><br>
<font color=#0000ff>Starting <b>Clean temporary security images</b>...</font><br>
<font color=#0000ff>Executed <b>Clean temporary security images</b> (</font><font color=#ff0000>queries: 0</font><font color=#0000ff>) in </font><font color=#009900>0.0004 secs</font><br><br>
<b>Finished Daily script in <font color=#009900>0.6351 secs</font><br>Executed Queries: <font color=#ff0000>7</font></b><br>
