<br><b>-------------------------------------------------------------</b><br><b>Starting Install BOTs at 15.03.21 09:37:18</b><br>
<font color=#0000ff>Starting <b>Ramona basic system</b>...</font><br>
Ramona is created<br>
<b>Ramona needs a new body</b><br>
New planet<br>
Better values for the Planet<br>
Update BOT ship templates<br>
<font color=#0000ff>Executed <b>Ramona basic system</b> (</font><font color=#ff0000>queries: 17</font><font color=#0000ff>) in </font><font color=#009900>0.0047 secs</font><br><br>
<font color=#0000ff>Starting <b>PW change</b>...</font><br>
Now there are only One-Night-Stands, no longer relations<br>
<font color=#0000ff>Executed <b>PW change</b> (</font><font color=#ff0000>queries: 1</font><font color=#0000ff>) in </font><font color=#009900>0.0002 secs</font><br><br>
<font color=#0000ff>Starting <b>SevenOfNine basic system</b>...</font><br>
We need to create SevenOfNine<br>
<b>SevenOfNine needs new body</b><br>
Create new planet<br>
Give best values to the planet<br>
Ship templates built<br>
<font color=#0000ff>Executed <b>SevenOfNine basic system</b> (</font><font color=#ff0000>queries: 19</font><font color=#0000ff>) in </font><font color=#009900>0.0048 secs</font><br><br>
<font color=#0000ff>Starting <b>PW change</b>...</font><br>
Now there are only One-Night-Stands, no longer relations<br>
<font color=#0000ff>Executed <b>PW change</b> (</font><font color=#ff0000>queries: 1</font><font color=#0000ff>) in </font><font color=#009900>0.0002 secs</font><br><br>
<font color=#0000ff>Starting <b>Future Humans Setup&Maintenance</b>...</font><br>
Template created with id 11<br>
<font color=#0000ff>Executed <b>Future Humans Setup&Maintenance</b> (</font><font color=#ff0000>queries: 2</font><font color=#0000ff>) in </font><font color=#009900>0.0004 secs</font><br><br>
<font color=#0000ff>Starting <b>Mayflower basic system</b>...</font><br>
We need to create TheSettlers!<br>
Writing Settler Cargo Ship!<br>
Writing Settler Cruiser Ship!<br>
Writing Settler Heavy Cruiser!<br>
Writing Settler Orbital!<br>
<font color=#0000ff>Executed <b>Mayflower basic system</b> (</font><font color=#ff0000>queries: 14</font><font color=#0000ff>) in </font><font color=#009900>0.0017 secs</font><br><br>
<b>Finished Install BOTs in <font color=#009900>0.0127 secs</font><br>Executed Queries: <font color=#ff0000>26399</font></b><br>
<br><b>-------------------------------------------------------------</b><br><b>Starting Install BOTs at 15.03.21 09:49:35</b><br>
<font color=#0000ff>Starting <b>Ramona basic system</b>...</font><br>
Ramona is created<br>
<b>Ramona needs a new body</b><br>
New planet<br>
Better values for the Planet<br>
Update BOT ship templates<br>
<font color=#0000ff>Executed <b>Ramona basic system</b> (</font><font color=#ff0000>queries: 17</font><font color=#0000ff>) in </font><font color=#009900>0.0049 secs</font><br><br>
<font color=#0000ff>Starting <b>PW change</b>...</font><br>
Now there are only One-Night-Stands, no longer relations<br>
<font color=#0000ff>Executed <b>PW change</b> (</font><font color=#ff0000>queries: 1</font><font color=#0000ff>) in </font><font color=#009900>0.0002 secs</font><br><br>
<font color=#0000ff>Starting <b>SevenOfNine basic system</b>...</font><br>
We need to create SevenOfNine<br>
<b>SevenOfNine needs new body</b><br>
Create new planet<br>
Give best values to the planet<br>
Ship templates built<br>
<font color=#0000ff>Executed <b>SevenOfNine basic system</b> (</font><font color=#ff0000>queries: 20</font><font color=#0000ff>) in </font><font color=#009900>0.0052 secs</font><br><br>
<font color=#0000ff>Starting <b>PW change</b>...</font><br>
Now there are only One-Night-Stands, no longer relations<br>
<font color=#0000ff>Executed <b>PW change</b> (</font><font color=#ff0000>queries: 1</font><font color=#0000ff>) in </font><font color=#009900>0.0001 secs</font><br><br>
<font color=#0000ff>Starting <b>Future Humans Setup&Maintenance</b>...</font><br>
Template created with id 11<br>
<font color=#0000ff>Executed <b>Future Humans Setup&Maintenance</b> (</font><font color=#ff0000>queries: 2</font><font color=#0000ff>) in </font><font color=#009900>0.0004 secs</font><br><br>
<font color=#0000ff>Starting <b>Mayflower basic system</b>...</font><br>
We need to create TheSettlers!<br>
Writing Settler Cargo Ship!<br>
Writing Settler Cruiser Ship!<br>
Writing Settler Heavy Cruiser!<br>
Writing Settler Orbital!<br>
<font color=#0000ff>Executed <b>Mayflower basic system</b> (</font><font color=#ff0000>queries: 14</font><font color=#0000ff>) in </font><font color=#009900>0.0018 secs</font><br><br>
<b>Finished Install BOTs in <font color=#009900>0.0132 secs</font><br>Executed Queries: <font color=#ff0000>26400</font></b><br>
<br><b>-------------------------------------------------------------</b><br><b>Starting Install BOTs at 15.03.21 13:49:20</b><br>
<font color=#0000ff>Starting <b>Ramona basic system</b>...</font><br>
Ramona is created<br>
<b>Ramona needs a new body</b><br>
New planet<br>
Better values for the Planet<br>
Update BOT ship templates<br>
<font color=#0000ff>Executed <b>Ramona basic system</b> (</font><font color=#ff0000>queries: 17</font><font color=#0000ff>) in </font><font color=#009900>0.0059 secs</font><br><br>
<font color=#0000ff>Starting <b>PW change</b>...</font><br>
Now there are only One-Night-Stands, no longer relations<br>
<font color=#0000ff>Executed <b>PW change</b> (</font><font color=#ff0000>queries: 1</font><font color=#0000ff>) in </font><font color=#009900>0.0002 secs</font><br><br>
<font color=#0000ff>Starting <b>SevenOfNine basic system</b>...</font><br>
We need to create SevenOfNine<br>
<b>SevenOfNine needs new body</b><br>
Create new planet<br>
Give best values to the planet<br>
Ship templates built<br>
<font color=#0000ff>Executed <b>SevenOfNine basic system</b> (</font><font color=#ff0000>queries: 20</font><font color=#0000ff>) in </font><font color=#009900>0.0059 secs</font><br><br>
<font color=#0000ff>Starting <b>PW change</b>...</font><br>
Now there are only One-Night-Stands, no longer relations<br>
<font color=#0000ff>Executed <b>PW change</b> (</font><font color=#ff0000>queries: 1</font><font color=#0000ff>) in </font><font color=#009900>0.0002 secs</font><br><br>
<font color=#0000ff>Starting <b>Future Humans Setup&Maintenance</b>...</font><br>
Template created with id 11<br>
<font color=#0000ff>Executed <b>Future Humans Setup&Maintenance</b> (</font><font color=#ff0000>queries: 2</font><font color=#0000ff>) in </font><font color=#009900>0.0003 secs</font><br><br>
<font color=#0000ff>Starting <b>Mayflower basic system</b>...</font><br>
We need to create TheSettlers!<br>
Writing Settler Cargo Ship!<br>
Writing Settler Cruiser Ship!<br>
Writing Settler Heavy Cruiser!<br>
Writing Settler Orbital!<br>
<font color=#0000ff>Executed <b>Mayflower basic system</b> (</font><font color=#ff0000>queries: 14</font><font color=#0000ff>) in </font><font color=#009900>0.002 secs</font><br><br>
<b>Finished Install BOTs in <font color=#009900>0.0198 secs</font><br>Executed Queries: <font color=#ff0000>26400</font></b><br>
<br><b>-------------------------------------------------------------</b><br><b>Starting Install BOTs at 15.03.21 14:03:26</b><br>
<font color=#0000ff>Starting <b>Ramona basic system</b>...</font><br>
Ramona is created<br>
<b>Ramona needs a new body</b><br>
New planet<br>
Better values for the Planet<br>
Update BOT ship templates<br>
<font color=#0000ff>Executed <b>Ramona basic system</b> (</font><font color=#ff0000>queries: 17</font><font color=#0000ff>) in </font><font color=#009900>0.0067 secs</font><br><br>
<font color=#0000ff>Starting <b>PW change</b>...</font><br>
Now there are only One-Night-Stands, no longer relations<br>
<font color=#0000ff>Executed <b>PW change</b> (</font><font color=#ff0000>queries: 1</font><font color=#0000ff>) in </font><font color=#009900>0.0002 secs</font><br><br>
<font color=#0000ff>Starting <b>SevenOfNine basic system</b>...</font><br>
We need to create SevenOfNine<br>
<b>SevenOfNine needs new body</b><br>
Create new planet<br>
Give best values to the planet<br>
Ship templates built<br>
<font color=#0000ff>Executed <b>SevenOfNine basic system</b> (</font><font color=#ff0000>queries: 19</font><font color=#0000ff>) in </font><font color=#009900>0.0063 secs</font><br><br>
<font color=#0000ff>Starting <b>PW change</b>...</font><br>
Now there are only One-Night-Stands, no longer relations<br>
<font color=#0000ff>Executed <b>PW change</b> (</font><font color=#ff0000>queries: 1</font><font color=#0000ff>) in </font><font color=#009900>0.0002 secs</font><br><br>
<font color=#0000ff>Starting <b>Future Humans Setup&Maintenance</b>...</font><br>
Template created with id 11<br>
<font color=#0000ff>Executed <b>Future Humans Setup&Maintenance</b> (</font><font color=#ff0000>queries: 2</font><font color=#0000ff>) in </font><font color=#009900>0.0004 secs</font><br><br>
<font color=#0000ff>Starting <b>Mayflower basic system</b>...</font><br>
We need to create TheSettlers!<br>
Writing Settler Cargo Ship!<br>
Writing Settler Cruiser Ship!<br>
Writing Settler Heavy Cruiser!<br>
Writing Settler Orbital!<br>
<font color=#0000ff>Executed <b>Mayflower basic system</b> (</font><font color=#ff0000>queries: 14</font><font color=#0000ff>) in </font><font color=#009900>0.0028 secs</font><br><br>
<b>Finished Install BOTs in <font color=#009900>0.0208 secs</font><br>Executed Queries: <font color=#ff0000>26399</font></b><br>
<br><b>-------------------------------------------------------------</b><br><b>Starting Install BOTs at 15.03.21 14:19:14</b><br>
<font color=#0000ff>Starting <b>Ramona basic system</b>...</font><br>
Ramona is created<br>
<b>Ramona needs a new body</b><br>
New planet<br>
Better values for the Planet<br>
Update BOT ship templates<br>
<font color=#0000ff>Executed <b>Ramona basic system</b> (</font><font color=#ff0000>queries: 17</font><font color=#0000ff>) in </font><font color=#009900>0.0074 secs</font><br><br>
<font color=#0000ff>Starting <b>PW change</b>...</font><br>
Now there are only One-Night-Stands, no longer relations<br>
<font color=#0000ff>Executed <b>PW change</b> (</font><font color=#ff0000>queries: 1</font><font color=#0000ff>) in </font><font color=#009900>0.0003 secs</font><br><br>
<font color=#0000ff>Starting <b>SevenOfNine basic system</b>...</font><br>
We need to create SevenOfNine<br>
<b>SevenOfNine needs new body</b><br>
Create new planet<br>
Give best values to the planet<br>
Ship templates built<br>
<font color=#0000ff>Executed <b>SevenOfNine basic system</b> (</font><font color=#ff0000>queries: 20</font><font color=#0000ff>) in </font><font color=#009900>0.0074 secs</font><br><br>
<font color=#0000ff>Starting <b>PW change</b>...</font><br>
Now there are only One-Night-Stands, no longer relations<br>
<font color=#0000ff>Executed <b>PW change</b> (</font><font color=#ff0000>queries: 1</font><font color=#0000ff>) in </font><font color=#009900>0.0002 secs</font><br><br>
<font color=#0000ff>Starting <b>Future Humans Setup&Maintenance</b>...</font><br>
Template created with id 11<br>
<font color=#0000ff>Executed <b>Future Humans Setup&Maintenance</b> (</font><font color=#ff0000>queries: 2</font><font color=#0000ff>) in </font><font color=#009900>0.0005 secs</font><br><br>
<font color=#0000ff>Starting <b>Mayflower basic system</b>...</font><br>
We need to create TheSettlers!<br>
Writing Settler Cargo Ship!<br>
Writing Settler Cruiser Ship!<br>
Writing Settler Heavy Cruiser!<br>
Writing Settler Orbital!<br>
<font color=#0000ff>Executed <b>Mayflower basic system</b> (</font><font color=#ff0000>queries: 14</font><font color=#0000ff>) in </font><font color=#009900>0.0026 secs</font><br><br>
<b>Finished Install BOTs in <font color=#009900>0.0194 secs</font><br>Executed Queries: <font color=#ff0000>26400</font></b><br>
<br><b>-------------------------------------------------------------</b><br><b>Starting Install BOTs at 15.03.21 14:58:37</b><br>
<font color=#0000ff>Starting <b>Ramona basic system</b>...</font><br>
Ramona is created<br>
<b>Ramona needs a new body</b><br>
New planet<br>
Better values for the Planet<br>
Update BOT ship templates<br>
<font color=#0000ff>Executed <b>Ramona basic system</b> (</font><font color=#ff0000>queries: 17</font><font color=#0000ff>) in </font><font color=#009900>0.0055 secs</font><br><br>
<font color=#0000ff>Starting <b>PW change</b>...</font><br>
Now there are only One-Night-Stands, no longer relations<br>
<font color=#0000ff>Executed <b>PW change</b> (</font><font color=#ff0000>queries: 1</font><font color=#0000ff>) in </font><font color=#009900>0.0002 secs</font><br><br>
<font color=#0000ff>Starting <b>SevenOfNine basic system</b>...</font><br>
We need to create SevenOfNine<br>
<b>SevenOfNine needs new body</b><br>
Create new planet<br>
Give best values to the planet<br>
Ship templates built<br>
<font color=#0000ff>Executed <b>SevenOfNine basic system</b> (</font><font color=#ff0000>queries: 20</font><font color=#0000ff>) in </font><font color=#009900>0.0061 secs</font><br><br>
<font color=#0000ff>Starting <b>PW change</b>...</font><br>
Now there are only One-Night-Stands, no longer relations<br>
<font color=#0000ff>Executed <b>PW change</b> (</font><font color=#ff0000>queries: 1</font><font color=#0000ff>) in </font><font color=#009900>0.0002 secs</font><br><br>
<font color=#0000ff>Starting <b>Future Humans Setup&Maintenance</b>...</font><br>
Template created with id 11<br>
<font color=#0000ff>Executed <b>Future Humans Setup&Maintenance</b> (</font><font color=#ff0000>queries: 2</font><font color=#0000ff>) in </font><font color=#009900>0.0006 secs</font><br><br>
<font color=#0000ff>Starting <b>Mayflower basic system</b>...</font><br>
We need to create TheSettlers!<br>
Writing Settler Cargo Ship!<br>
Writing Settler Cruiser Ship!<br>
Writing Settler Heavy Cruiser!<br>
Writing Settler Orbital!<br>
<font color=#0000ff>Executed <b>Mayflower basic system</b> (</font><font color=#ff0000>queries: 14</font><font color=#0000ff>) in </font><font color=#009900>0.0025 secs</font><br><br>
<b>Finished Install BOTs in <font color=#009900>0.0159 secs</font><br>Executed Queries: <font color=#ff0000>26401</font></b><br>
<br><b>-------------------------------------------------------------</b><br><b>Starting Install BOTs at 15.03.21 22:19:40</b><br>
<font color=#0000ff>Starting <b>Ramona basic system</b>...</font><br>
Ramona is created<br>
<b>Ramona needs a new body</b><br>
New planet<br>
Better values for the Planet<br>
Update BOT ship templates<br>
<font color=#0000ff>Executed <b>Ramona basic system</b> (</font><font color=#ff0000>queries: 17</font><font color=#0000ff>) in </font><font color=#009900>0.0071 secs</font><br><br>
<font color=#0000ff>Starting <b>PW change</b>...</font><br>
Now there are only One-Night-Stands, no longer relations<br>
<font color=#0000ff>Executed <b>PW change</b> (</font><font color=#ff0000>queries: 1</font><font color=#0000ff>) in </font><font color=#009900>0.0003 secs</font><br><br>
<font color=#0000ff>Starting <b>SevenOfNine basic system</b>...</font><br>
We need to create SevenOfNine<br>
<b>SevenOfNine needs new body</b><br>
Create new planet<br>
Give best values to the planet<br>
Ship templates built<br>
<font color=#0000ff>Executed <b>SevenOfNine basic system</b> (</font><font color=#ff0000>queries: 20</font><font color=#0000ff>) in </font><font color=#009900>0.0075 secs</font><br><br>
<font color=#0000ff>Starting <b>PW change</b>...</font><br>
Now there are only One-Night-Stands, no longer relations<br>
<font color=#0000ff>Executed <b>PW change</b> (</font><font color=#ff0000>queries: 1</font><font color=#0000ff>) in </font><font color=#009900>0.0002 secs</font><br><br>
<font color=#0000ff>Starting <b>Future Humans Setup&Maintenance</b>...</font><br>
Template created with id 11<br>
<font color=#0000ff>Executed <b>Future Humans Setup&Maintenance</b> (</font><font color=#ff0000>queries: 2</font><font color=#0000ff>) in </font><font color=#009900>0.0007 secs</font><br><br>
<font color=#0000ff>Starting <b>Mayflower basic system</b>...</font><br>
We need to create TheSettlers!<br>
Writing Settler Cargo Ship!<br>
Writing Settler Cruiser Ship!<br>
Writing Settler Heavy Cruiser!<br>
Writing Settler Orbital!<br>
<font color=#0000ff>Executed <b>Mayflower basic system</b> (</font><font color=#ff0000>queries: 14</font><font color=#0000ff>) in </font><font color=#009900>0.0029 secs</font><br><br>
<b>Finished Install BOTs in <font color=#009900>0.0257 secs</font><br>Executed Queries: <font color=#ff0000>26400</font></b><br>
<br><b>-------------------------------------------------------------</b><br><b>Starting Install BOTs at 16.03.21 10:18:23</b><br>
<font color=#0000ff>Starting <b>Ramona basic system</b>...</font><br>
Ramona is created<br>
<b>Ramona needs a new body</b><br>
New planet<br>
Better values for the Planet<br>
Update BOT ship templates<br>
<font color=#0000ff>Executed <b>Ramona basic system</b> (</font><font color=#ff0000>queries: 17</font><font color=#0000ff>) in </font><font color=#009900>0.0054 secs</font><br><br>
<font color=#0000ff>Starting <b>PW change</b>...</font><br>
Now there are only One-Night-Stands, no longer relations<br>
<font color=#0000ff>Executed <b>PW change</b> (</font><font color=#ff0000>queries: 1</font><font color=#0000ff>) in </font><font color=#009900>0.0002 secs</font><br><br>
<font color=#0000ff>Starting <b>SevenOfNine basic system</b>...</font><br>
We need to create SevenOfNine<br>
<b>SevenOfNine needs new body</b><br>
Create new planet<br>
Give best values to the planet<br>
Ship templates built<br>
<font color=#0000ff>Executed <b>SevenOfNine basic system</b> (</font><font color=#ff0000>queries: 19</font><font color=#0000ff>) in </font><font color=#009900>0.0051 secs</font><br><br>
<font color=#0000ff>Starting <b>PW change</b>...</font><br>
Now there are only One-Night-Stands, no longer relations<br>
<font color=#0000ff>Executed <b>PW change</b> (</font><font color=#ff0000>queries: 1</font><font color=#0000ff>) in </font><font color=#009900>0.0001 secs</font><br><br>
<font color=#0000ff>Starting <b>Future Humans Setup&Maintenance</b>...</font><br>
Template created with id 11<br>
<font color=#0000ff>Executed <b>Future Humans Setup&Maintenance</b> (</font><font color=#ff0000>queries: 2</font><font color=#0000ff>) in </font><font color=#009900>0.0005 secs</font><br><br>
<font color=#0000ff>Starting <b>Mayflower basic system</b>...</font><br>
We need to create TheSettlers!<br>
Writing Settler Cargo Ship!<br>
Writing Settler Cruiser Ship!<br>
Writing Settler Heavy Cruiser!<br>
Writing Settler Orbital!<br>
<font color=#0000ff>Executed <b>Mayflower basic system</b> (</font><font color=#ff0000>queries: 14</font><font color=#0000ff>) in </font><font color=#009900>0.002 secs</font><br><br>
<b>Finished Install BOTs in <font color=#009900>0.0191 secs</font><br>Executed Queries: <font color=#ff0000>26399</font></b><br>
<br><b>-------------------------------------------------------------</b><br><b>Starting Install BOTs at 16.03.21 10:39:26</b><br>
<font color=#0000ff>Starting <b>Ramona basic system</b>...</font><br>
Ramona is created<br>
<b>Ramona needs a new body</b><br>
New planet<br>
Better values for the Planet<br>
Update BOT ship templates<br>
<font color=#0000ff>Executed <b>Ramona basic system</b> (</font><font color=#ff0000>queries: 17</font><font color=#0000ff>) in </font><font color=#009900>0.0051 secs</font><br><br>
<font color=#0000ff>Starting <b>PW change</b>...</font><br>
Now there are only One-Night-Stands, no longer relations<br>
<font color=#0000ff>Executed <b>PW change</b> (</font><font color=#ff0000>queries: 1</font><font color=#0000ff>) in </font><font color=#009900>0.0003 secs</font><br><br>
<font color=#0000ff>Starting <b>SevenOfNine basic system</b>...</font><br>
We need to create SevenOfNine<br>
<b>SevenOfNine needs new body</b><br>
Create new planet<br>
Give best values to the planet<br>
Ship templates built<br>
<font color=#0000ff>Executed <b>SevenOfNine basic system</b> (</font><font color=#ff0000>queries: 19</font><font color=#0000ff>) in </font><font color=#009900>0.0051 secs</font><br><br>
<font color=#0000ff>Starting <b>PW change</b>...</font><br>
Now there are only One-Night-Stands, no longer relations<br>
<font color=#0000ff>Executed <b>PW change</b> (</font><font color=#ff0000>queries: 1</font><font color=#0000ff>) in </font><font color=#009900>0.0001 secs</font><br><br>
<font color=#0000ff>Starting <b>Future Humans Setup&Maintenance</b>...</font><br>
Template created with id 11<br>
<font color=#0000ff>Executed <b>Future Humans Setup&Maintenance</b> (</font><font color=#ff0000>queries: 2</font><font color=#0000ff>) in </font><font color=#009900>0.0005 secs</font><br><br>
<font color=#0000ff>Starting <b>Mayflower basic system</b>...</font><br>
We need to create TheSettlers!<br>
Writing Settler Cargo Ship!<br>
Writing Settler Cruiser Ship!<br>
Writing Settler Heavy Cruiser!<br>
Writing Settler Orbital!<br>
<font color=#0000ff>Executed <b>Mayflower basic system</b> (</font><font color=#ff0000>queries: 14</font><font color=#0000ff>) in </font><font color=#009900>0.0019 secs</font><br><br>
<b>Finished Install BOTs in <font color=#009900>0.017 secs</font><br>Executed Queries: <font color=#ff0000>26399</font></b><br>
<br><b>-------------------------------------------------------------</b><br><b>Starting Install BOTs at 16.03.21 11:49:59</b><br>
<font color=#0000ff>Starting <b>Ramona basic system</b>...</font><br>
Ramona is created<br>
<b>Ramona needs a new body</b><br>
New planet<br>
Better values for the Planet<br>
Update BOT ship templates<br>
<font color=#0000ff>Executed <b>Ramona basic system</b> (</font><font color=#ff0000>queries: 17</font><font color=#0000ff>) in </font><font color=#009900>0.0126 secs</font><br><br>
<font color=#0000ff>Starting <b>PW change</b>...</font><br>
Now there are only One-Night-Stands, no longer relations<br>
<font color=#0000ff>Executed <b>PW change</b> (</font><font color=#ff0000>queries: 1</font><font color=#0000ff>) in </font><font color=#009900>0.0002 secs</font><br><br>
<font color=#0000ff>Starting <b>SevenOfNine basic system</b>...</font><br>
We need to create SevenOfNine<br>
<b>SevenOfNine needs new body</b><br>
Create new planet<br>
Give best values to the planet<br>
Ship templates built<br>
<font color=#0000ff>Executed <b>SevenOfNine basic system</b> (</font><font color=#ff0000>queries: 20</font><font color=#0000ff>) in </font><font color=#009900>0.0057 secs</font><br><br>
<font color=#0000ff>Starting <b>PW change</b>...</font><br>
Now there are only One-Night-Stands, no longer relations<br>
<font color=#0000ff>Executed <b>PW change</b> (</font><font color=#ff0000>queries: 1</font><font color=#0000ff>) in </font><font color=#009900>0.0001 secs</font><br><br>
<font color=#0000ff>Starting <b>Future Humans Setup&Maintenance</b>...</font><br>
Template created with id 11<br>
<font color=#0000ff>Executed <b>Future Humans Setup&Maintenance</b> (</font><font color=#ff0000>queries: 2</font><font color=#0000ff>) in </font><font color=#009900>0.0004 secs</font><br><br>
<font color=#0000ff>Starting <b>Mayflower basic system</b>...</font><br>
We need to create TheSettlers!<br>
Writing Settler Cargo Ship!<br>
Writing Settler Cruiser Ship!<br>
Writing Settler Heavy Cruiser!<br>
Writing Settler Orbital!<br>
<font color=#0000ff>Executed <b>Mayflower basic system</b> (</font><font color=#ff0000>queries: 14</font><font color=#0000ff>) in </font><font color=#009900>0.0021 secs</font><br><br>
<b>Finished Install BOTs in <font color=#009900>0.0219 secs</font><br>Executed Queries: <font color=#ff0000>26400</font></b><br>
<br><b>-------------------------------------------------------------</b><br><b>Starting Install BOTs at 16.03.21 12:33:28</b><br>
<font color=#0000ff>Starting <b>Ramona basic system</b>...</font><br>
Ramona is created<br>
<b>Ramona needs a new body</b><br>
New planet<br>
Better values for the Planet<br>
Update BOT ship templates<br>
<font color=#0000ff>Executed <b>Ramona basic system</b> (</font><font color=#ff0000>queries: 17</font><font color=#0000ff>) in </font><font color=#009900>0.0053 secs</font><br><br>
<font color=#0000ff>Starting <b>PW change</b>...</font><br>
Now there are only One-Night-Stands, no longer relations<br>
<font color=#0000ff>Executed <b>PW change</b> (</font><font color=#ff0000>queries: 1</font><font color=#0000ff>) in </font><font color=#009900>0.0002 secs</font><br><br>
<font color=#0000ff>Starting <b>SevenOfNine basic system</b>...</font><br>
We need to create SevenOfNine<br>
<b>SevenOfNine needs new body</b><br>
Create new planet<br>
Give best values to the planet<br>
Ship templates built<br>
<font color=#0000ff>Executed <b>SevenOfNine basic system</b> (</font><font color=#ff0000>queries: 20</font><font color=#0000ff>) in </font><font color=#009900>0.0051 secs</font><br><br>
<font color=#0000ff>Starting <b>PW change</b>...</font><br>
Now there are only One-Night-Stands, no longer relations<br>
<font color=#0000ff>Executed <b>PW change</b> (</font><font color=#ff0000>queries: 1</font><font color=#0000ff>) in </font><font color=#009900>0.0002 secs</font><br><br>
<font color=#0000ff>Starting <b>Future Humans Setup&Maintenance</b>...</font><br>
Template created with id 11<br>
<font color=#0000ff>Executed <b>Future Humans Setup&Maintenance</b> (</font><font color=#ff0000>queries: 2</font><font color=#0000ff>) in </font><font color=#009900>0.0004 secs</font><br><br>
<font color=#0000ff>Starting <b>Mayflower basic system</b>...</font><br>
We need to create TheSettlers!<br>
Writing Settler Cargo Ship!<br>
Writing Settler Cruiser Ship!<br>
Writing Settler Heavy Cruiser!<br>
Writing Settler Orbital!<br>
<font color=#0000ff>Executed <b>Mayflower basic system</b> (</font><font color=#ff0000>queries: 14</font><font color=#0000ff>) in </font><font color=#009900>0.0019 secs</font><br><br>
<b>Finished Install BOTs in <font color=#009900>0.0137 secs</font><br>Executed Queries: <font color=#ff0000>26400</font></b><br>
<br><b>-------------------------------------------------------------</b><br><b>Starting Install BOTs at 16.03.21 12:42:27</b><br>
<font color=#0000ff>Starting <b>Ramona basic system</b>...</font><br>
Ramona is created<br>
<b>Ramona needs a new body</b><br>
New planet<br>
Better values for the Planet<br>
Update BOT ship templates<br>
<font color=#0000ff>Executed <b>Ramona basic system</b> (</font><font color=#ff0000>queries: 17</font><font color=#0000ff>) in </font><font color=#009900>0.0059 secs</font><br><br>
<font color=#0000ff>Starting <b>PW change</b>...</font><br>
Now there are only One-Night-Stands, no longer relations<br>
<font color=#0000ff>Executed <b>PW change</b> (</font><font color=#ff0000>queries: 1</font><font color=#0000ff>) in </font><font color=#009900>0.0002 secs</font><br><br>
<font color=#0000ff>Starting <b>SevenOfNine basic system</b>...</font><br>
We need to create SevenOfNine<br>
<b>SevenOfNine needs new body</b><br>
Create new planet<br>
Give best values to the planet<br>
Ship templates built<br>
<font color=#0000ff>Executed <b>SevenOfNine basic system</b> (</font><font color=#ff0000>queries: 20</font><font color=#0000ff>) in </font><font color=#009900>0.0059 secs</font><br><br>
<font color=#0000ff>Starting <b>PW change</b>...</font><br>
Now there are only One-Night-Stands, no longer relations<br>
<font color=#0000ff>Executed <b>PW change</b> (</font><font color=#ff0000>queries: 1</font><font color=#0000ff>) in </font><font color=#009900>0.0002 secs</font><br><br>
<font color=#0000ff>Starting <b>Future Humans Setup&Maintenance</b>...</font><br>
Template created with id 11<br>
<font color=#0000ff>Executed <b>Future Humans Setup&Maintenance</b> (</font><font color=#ff0000>queries: 2</font><font color=#0000ff>) in </font><font color=#009900>0.0005 secs</font><br><br>
<font color=#0000ff>Starting <b>Mayflower basic system</b>...</font><br>
We need to create TheSettlers!<br>
Writing Settler Cargo Ship!<br>
Writing Settler Cruiser Ship!<br>
Writing Settler Heavy Cruiser!<br>
Writing Settler Orbital!<br>
<font color=#0000ff>Executed <b>Mayflower basic system</b> (</font><font color=#ff0000>queries: 14</font><font color=#0000ff>) in </font><font color=#009900>0.002 secs</font><br><br>
<b>Finished Install BOTs in <font color=#009900>0.0156 secs</font><br>Executed Queries: <font color=#ff0000>26400</font></b><br>
<br><b>-------------------------------------------------------------</b><br><b>Starting Install BOTs at 16.03.21 14:56:43</b><br>
<font color=#0000ff>Starting <b>Ramona basic system</b>...</font><br>
<font color=#0000ff>Executed <b>Ramona basic system</b> (</font><font color=#ff0000>queries: 2</font><font color=#0000ff>) in </font><font color=#009900>0.0002 secs</font><br><br>
<font color=#0000ff>Starting <b>PW change</b>...</font><br>
Now there are only One-Night-Stands, no longer relations<br>
<font color=#0000ff>Executed <b>PW change</b> (</font><font color=#ff0000>queries: 1</font><font color=#0000ff>) in </font><font color=#009900>0.0004 secs</font><br><br>
<font color=#0000ff>Starting <b>SevenOfNine basic system</b>...</font><br>
<font color=#0000ff>Executed <b>SevenOfNine basic system</b> (</font><font color=#ff0000>queries: 2</font><font color=#0000ff>) in </font><font color=#009900>0.0002 secs</font><br><br>
<font color=#0000ff>Starting <b>PW change</b>...</font><br>
Now there are only One-Night-Stands, no longer relations<br>
<font color=#0000ff>Executed <b>PW change</b> (</font><font color=#ff0000>queries: 1</font><font color=#0000ff>) in </font><font color=#009900>0.0002 secs</font><br><br>
<font color=#0000ff>Starting <b>Future Humans Setup&Maintenance</b>...</font><br>
<font color=#0000ff>Executed <b>Future Humans Setup&Maintenance</b> (</font><font color=#ff0000>queries: 0</font><font color=#0000ff>) in </font><font color=#009900>0 secs</font><br><br>
<font color=#0000ff>Starting <b>Mayflower basic system</b>...</font><br>
Writing Settler Cruiser Ship!<br>
Writing Settler Heavy Cruiser!<br>
Writing Settler Orbital!<br>
<font color=#0000ff>Executed <b>Mayflower basic system</b> (</font><font color=#ff0000>queries: 11</font><font color=#0000ff>) in </font><font color=#009900>0.0027 secs</font><br><br>
<b>Finished Install BOTs in <font color=#009900>0.0072 secs</font><br>Executed Queries: <font color=#ff0000>19</font></b><br>
<br><b>-------------------------------------------------------------</b><br><b>Starting Install BOTs at 17.03.21 14:20:51</b><br>
<font color=#0000ff>Starting <b>Ramona basic system</b>...</font><br>
Ramona is created<br>
<b>Ramona needs a new body</b><br>
New planet<br>
Better values for the Planet<br>
Update BOT ship templates<br>
<font color=#0000ff>Executed <b>Ramona basic system</b> (</font><font color=#ff0000>queries: 17</font><font color=#0000ff>) in </font><font color=#009900>0.008 secs</font><br><br>
<font color=#0000ff>Starting <b>PW change</b>...</font><br>
Now there are only One-Night-Stands, no longer relations<br>
<font color=#0000ff>Executed <b>PW change</b> (</font><font color=#ff0000>queries: 1</font><font color=#0000ff>) in </font><font color=#009900>0.0004 secs</font><br><br>
<font color=#0000ff>Starting <b>SevenOfNine basic system</b>...</font><br>
We need to create SevenOfNine<br>
<b>SevenOfNine needs new body</b><br>
Create new planet<br>
Give best values to the planet<br>
Ship templates built<br>
<font color=#0000ff>Executed <b>SevenOfNine basic system</b> (</font><font color=#ff0000>queries: 20</font><font color=#0000ff>) in </font><font color=#009900>0.0064 secs</font><br><br>
<font color=#0000ff>Starting <b>PW change</b>...</font><br>
Now there are only One-Night-Stands, no longer relations<br>
<font color=#0000ff>Executed <b>PW change</b> (</font><font color=#ff0000>queries: 1</font><font color=#0000ff>) in </font><font color=#009900>0.0002 secs</font><br><br>
<font color=#0000ff>Starting <b>Future Humans Setup&Maintenance</b>...</font><br>
Template created with id 11<br>
<font color=#0000ff>Executed <b>Future Humans Setup&Maintenance</b> (</font><font color=#ff0000>queries: 2</font><font color=#0000ff>) in </font><font color=#009900>0.0006 secs</font><br><br>
<font color=#0000ff>Starting <b>Mayflower basic system</b>...</font><br>
We need to create TheSettlers!<br>
Writing Settler Cargo Ship!<br>
Writing Settler Cruiser Ship!<br>
Writing Settler Heavy Cruiser!<br>
Writing Settler Orbital!<br>
<font color=#0000ff>Executed <b>Mayflower basic system</b> (</font><font color=#ff0000>queries: 14</font><font color=#0000ff>) in </font><font color=#009900>0.0026 secs</font><br><br>
<b>Finished Install BOTs in <font color=#009900>0.0248 secs</font><br>Executed Queries: <font color=#ff0000>26400</font></b><br>
