<br><br><br><b>-------------------------------------------------------------</b><br><b>Starting FixAll-Script at 26.03.21 12:05:01</b><br>
Finished FixAll-Script in 0.028 secs<br>Tick has been stopped (Unlock in table "config")<br>
<br><br><br><b>-------------------------------------------------------------</b><br><b>Starting FixAll-Script at 26.03.21 13:05:02</b><br>
Finished FixAll-Script in 0.0291 secs<br>Tick has been stopped (Unlock in table "config")<br>
<br><br><br><b>-------------------------------------------------------------</b><br><b>Starting FixAll-Script at 26.03.21 14:05:01</b><br>
Finished FixAll-Script in 0.0201 secs<br>Tick has been stopped (Unlock in table "config")<br>
<br><br><br><b>-------------------------------------------------------------</b><br><b>Starting FixAll-Script at 26.03.21 15:05:01</b><br>
<font color=#0000ff>Starting <b>Recalculate resources</b>...</font><br>
<font color=#0000ff>Executed <b>Recalculate resources</b> (</font><font color=#ff0000>queries: 1</font><font color=#0000ff>) in </font><font color=#009900>0.0255 secs</font><br><br>
<font color=#0000ff>Starting <b>Recalculate security forces</b>...</font><br>
0 of 4 planets now have adjusted values<br>
<font color=#0000ff>Executed <b>Recalculate security forces</b> (</font><font color=#ff0000>queries: 16</font><font color=#0000ff>) in </font><font color=#009900>0.0048 secs</font><br><br>
<font color=#0000ff>Starting <b>Unimatrix Zero Maintenance</b>...</font><br>
Unimatrix Zero Tact Cube count is: 1<br>
Unimatrix Zero Standard Cube count is: 4<br>
Unimatrix Zero Sphere count is: 12<br>
<font color=#0000ff>Executed <b>Unimatrix Zero Maintenance</b> (</font><font color=#ff0000>queries: 6</font><font color=#0000ff>) in </font><font color=#009900>0.0063 secs</font><br><br>
<font color=#0000ff>Starting <b>borg_npc_target Maintenance</b>...</font><br>
<font color=#0000ff>Executed <b>borg_npc_target Maintenance</b> (</font><font color=#ff0000>queries: 1</font><font color=#0000ff>) in </font><font color=#009900>0.0005 secs</font><br><br>
<font color=#0000ff>Starting <b>User SlowStats Update</b>...</font><br>
<font color=#0000ff>Executed <b>User SlowStats Update</b> (</font><font color=#ff0000>queries: 6</font><font color=#0000ff>) in </font><font color=#009900>0.0013 secs</font><br><br>
<font color=#0000ff>Starting <b>Buildings / Research level fix</b>...</font><br>
<font color=#0000ff>Executed <b>Buildings / Research level fix</b> (</font><font color=#ff0000>queries: 1</font><font color=#0000ff>) in </font><font color=#009900>0.0044 secs</font><br><br>
<font color=#0000ff>Starting <b>Rioters planets take over by the settlers</b>...</font><br>
<font color=#0000ff>Executed <b>Rioters planets take over by the settlers</b> (</font><font color=#ff0000>queries: 1</font><font color=#0000ff>) in </font><font color=#009900>0.0086 secs</font><br><br>
<font color=#0000ff>Starting <b>Logbook cleaning</b>...</font><br>
<font color=#0000ff>Executed <b>Logbook cleaning</b> (</font><font color=#ff0000>queries: 8</font><font color=#0000ff>) in </font><font color=#009900>0.0014 secs</font><br><br>
<font color=#0000ff>Starting <b>Clearing invalid war declarations</b>...</font><br>
<font color=#0000ff>Executed <b>Clearing invalid war declarations</b> (</font><font color=#ff0000>queries: 1</font><font color=#0000ff>) in </font><font color=#009900>0.0003 secs</font><br><br>
<b>Finished FixAll-Script in <font color=#009900>0.0792 secs</font><br>Executed Queries: <font color=#ff0000>42</font></b><br>
<br><br><br><b>-------------------------------------------------------------</b><br><b>Starting FixAll-Script at 26.03.21 16:05:01</b><br>
<font color=#0000ff>Starting <b>Recalculate resources</b>...</font><br>
<font color=#0000ff>Executed <b>Recalculate resources</b> (</font><font color=#ff0000>queries: 1</font><font color=#0000ff>) in </font><font color=#009900>0.0352 secs</font><br><br>
<font color=#0000ff>Starting <b>Recalculate security forces</b>...</font><br>
0 of 4 planets now have adjusted values<br>
<font color=#0000ff>Executed <b>Recalculate security forces</b> (</font><font color=#ff0000>queries: 16</font><font color=#0000ff>) in </font><font color=#009900>0.008 secs</font><br><br>
<font color=#0000ff>Starting <b>Unimatrix Zero Maintenance</b>...</font><br>
Unimatrix Zero Tact Cube count is: 1<br>
Unimatrix Zero Standard Cube count is: 4<br>
Unimatrix Zero Sphere count is: 12<br>
<font color=#0000ff>Executed <b>Unimatrix Zero Maintenance</b> (</font><font color=#ff0000>queries: 6</font><font color=#0000ff>) in </font><font color=#009900>0.0015 secs</font><br><br>
<font color=#0000ff>Starting <b>borg_npc_target Maintenance</b>...</font><br>
<font color=#0000ff>Executed <b>borg_npc_target Maintenance</b> (</font><font color=#ff0000>queries: 1</font><font color=#0000ff>) in </font><font color=#009900>0.0028 secs</font><br><br>
<font color=#0000ff>Starting <b>User SlowStats Update</b>...</font><br>
<font color=#0000ff>Executed <b>User SlowStats Update</b> (</font><font color=#ff0000>queries: 6</font><font color=#0000ff>) in </font><font color=#009900>0.0013 secs</font><br><br>
<font color=#0000ff>Starting <b>Buildings / Research level fix</b>...</font><br>
<font color=#0000ff>Executed <b>Buildings / Research level fix</b> (</font><font color=#ff0000>queries: 1</font><font color=#0000ff>) in </font><font color=#009900>0.0012 secs</font><br><br>
<font color=#0000ff>Starting <b>Rioters planets take over by the settlers</b>...</font><br>
<font color=#0000ff>Executed <b>Rioters planets take over by the settlers</b> (</font><font color=#ff0000>queries: 1</font><font color=#0000ff>) in </font><font color=#009900>0.0106 secs</font><br><br>
<font color=#0000ff>Starting <b>Logbook cleaning</b>...</font><br>
<font color=#0000ff>Executed <b>Logbook cleaning</b> (</font><font color=#ff0000>queries: 8</font><font color=#0000ff>) in </font><font color=#009900>0.0013 secs</font><br><br>
<font color=#0000ff>Starting <b>Clearing invalid war declarations</b>...</font><br>
<font color=#0000ff>Executed <b>Clearing invalid war declarations</b> (</font><font color=#ff0000>queries: 1</font><font color=#0000ff>) in </font><font color=#009900>0.0003 secs</font><br><br>
<b>Finished FixAll-Script in <font color=#009900>0.0979 secs</font><br>Executed Queries: <font color=#ff0000>42</font></b><br>
<br><br><br><b>-------------------------------------------------------------</b><br><b>Starting FixAll-Script at 26.03.21 17:05:01</b><br>
<font color=#0000ff>Starting <b>Recalculate resources</b>...</font><br>
<font color=#0000ff>Executed <b>Recalculate resources</b> (</font><font color=#ff0000>queries: 1</font><font color=#0000ff>) in </font><font color=#009900>0.0209 secs</font><br><br>
<font color=#0000ff>Starting <b>Recalculate security forces</b>...</font><br>
0 of 4 planets now have adjusted values<br>
<font color=#0000ff>Executed <b>Recalculate security forces</b> (</font><font color=#ff0000>queries: 16</font><font color=#0000ff>) in </font><font color=#009900>0.0093 secs</font><br><br>
<font color=#0000ff>Starting <b>Unimatrix Zero Maintenance</b>...</font><br>
Unimatrix Zero Tact Cube count is: 1<br>
Unimatrix Zero Standard Cube count is: 4<br>
Unimatrix Zero Sphere count is: 12<br>
<font color=#0000ff>Executed <b>Unimatrix Zero Maintenance</b> (</font><font color=#ff0000>queries: 6</font><font color=#0000ff>) in </font><font color=#009900>0.0008 secs</font><br><br>
<font color=#0000ff>Starting <b>borg_npc_target Maintenance</b>...</font><br>
<font color=#0000ff>Executed <b>borg_npc_target Maintenance</b> (</font><font color=#ff0000>queries: 1</font><font color=#0000ff>) in </font><font color=#009900>0.0003 secs</font><br><br>
<font color=#0000ff>Starting <b>User SlowStats Update</b>...</font><br>
<font color=#0000ff>Executed <b>User SlowStats Update</b> (</font><font color=#ff0000>queries: 6</font><font color=#0000ff>) in </font><font color=#009900>0.0009 secs</font><br><br>
<font color=#0000ff>Starting <b>Buildings / Research level fix</b>...</font><br>
<font color=#0000ff>Executed <b>Buildings / Research level fix</b> (</font><font color=#ff0000>queries: 1</font><font color=#0000ff>) in </font><font color=#009900>0.0008 secs</font><br><br>
<font color=#0000ff>Starting <b>Rioters planets take over by the settlers</b>...</font><br>
<font color=#0000ff>Executed <b>Rioters planets take over by the settlers</b> (</font><font color=#ff0000>queries: 1</font><font color=#0000ff>) in </font><font color=#009900>0.0059 secs</font><br><br>
<font color=#0000ff>Starting <b>Logbook cleaning</b>...</font><br>
<font color=#0000ff>Executed <b>Logbook cleaning</b> (</font><font color=#ff0000>queries: 8</font><font color=#0000ff>) in </font><font color=#009900>0.001 secs</font><br><br>
<font color=#0000ff>Starting <b>Clearing invalid war declarations</b>...</font><br>
<font color=#0000ff>Executed <b>Clearing invalid war declarations</b> (</font><font color=#ff0000>queries: 1</font><font color=#0000ff>) in </font><font color=#009900>0.0003 secs</font><br><br>
<b>Finished FixAll-Script in <font color=#009900>0.0678 secs</font><br>Executed Queries: <font color=#ff0000>42</font></b><br>
<br><br><br><b>-------------------------------------------------------------</b><br><b>Starting FixAll-Script at 26.03.21 18:05:01</b><br>
<font color=#0000ff>Starting <b>Recalculate resources</b>...</font><br>
<font color=#0000ff>Executed <b>Recalculate resources</b> (</font><font color=#ff0000>queries: 1</font><font color=#0000ff>) in </font><font color=#009900>0.0224 secs</font><br><br>
<font color=#0000ff>Starting <b>Recalculate security forces</b>...</font><br>
0 of 4 planets now have adjusted values<br>
<font color=#0000ff>Executed <b>Recalculate security forces</b> (</font><font color=#ff0000>queries: 16</font><font color=#0000ff>) in </font><font color=#009900>0.0073 secs</font><br><br>
<font color=#0000ff>Starting <b>Unimatrix Zero Maintenance</b>...</font><br>
Unimatrix Zero Tact Cube count is: 1<br>
Unimatrix Zero Standard Cube count is: 4<br>
Unimatrix Zero Sphere count is: 12<br>
<font color=#0000ff>Executed <b>Unimatrix Zero Maintenance</b> (</font><font color=#ff0000>queries: 6</font><font color=#0000ff>) in </font><font color=#009900>0.0006 secs</font><br><br>
<font color=#0000ff>Starting <b>borg_npc_target Maintenance</b>...</font><br>
<font color=#0000ff>Executed <b>borg_npc_target Maintenance</b> (</font><font color=#ff0000>queries: 1</font><font color=#0000ff>) in </font><font color=#009900>0.0002 secs</font><br><br>
<font color=#0000ff>Starting <b>User SlowStats Update</b>...</font><br>
<font color=#0000ff>Executed <b>User SlowStats Update</b> (</font><font color=#ff0000>queries: 6</font><font color=#0000ff>) in </font><font color=#009900>0.0009 secs</font><br><br>
<font color=#0000ff>Starting <b>Buildings / Research level fix</b>...</font><br>
<font color=#0000ff>Executed <b>Buildings / Research level fix</b> (</font><font color=#ff0000>queries: 1</font><font color=#0000ff>) in </font><font color=#009900>0.0008 secs</font><br><br>
<font color=#0000ff>Starting <b>Rioters planets take over by the settlers</b>...</font><br>
<font color=#0000ff>Executed <b>Rioters planets take over by the settlers</b> (</font><font color=#ff0000>queries: 1</font><font color=#0000ff>) in </font><font color=#009900>0.0033 secs</font><br><br>
<font color=#0000ff>Starting <b>Logbook cleaning</b>...</font><br>
<font color=#0000ff>Executed <b>Logbook cleaning</b> (</font><font color=#ff0000>queries: 8</font><font color=#0000ff>) in </font><font color=#009900>0.0072 secs</font><br><br>
<font color=#0000ff>Starting <b>Clearing invalid war declarations</b>...</font><br>
<font color=#0000ff>Executed <b>Clearing invalid war declarations</b> (</font><font color=#ff0000>queries: 1</font><font color=#0000ff>) in </font><font color=#009900>0.0002 secs</font><br><br>
<b>Finished FixAll-Script in <font color=#009900>0.0689 secs</font><br>Executed Queries: <font color=#ff0000>42</font></b><br>
<br><br><br><b>-------------------------------------------------------------</b><br><b>Starting FixAll-Script at 26.03.21 19:05:01</b><br>
<font color=#0000ff>Starting <b>Recalculate resources</b>...</font><br>
<font color=#0000ff>Executed <b>Recalculate resources</b> (</font><font color=#ff0000>queries: 1</font><font color=#0000ff>) in </font><font color=#009900>0.0218 secs</font><br><br>
<font color=#0000ff>Starting <b>Recalculate security forces</b>...</font><br>
0 of 4 planets now have adjusted values<br>
<font color=#0000ff>Executed <b>Recalculate security forces</b> (</font><font color=#ff0000>queries: 16</font><font color=#0000ff>) in </font><font color=#009900>0.0092 secs</font><br><br>
<font color=#0000ff>Starting <b>Unimatrix Zero Maintenance</b>...</font><br>
Unimatrix Zero Tact Cube count is: 1<br>
Unimatrix Zero Standard Cube count is: 4<br>
Unimatrix Zero Sphere count is: 12<br>
<font color=#0000ff>Executed <b>Unimatrix Zero Maintenance</b> (</font><font color=#ff0000>queries: 6</font><font color=#0000ff>) in </font><font color=#009900>0.0006 secs</font><br><br>
<font color=#0000ff>Starting <b>borg_npc_target Maintenance</b>...</font><br>
<font color=#0000ff>Executed <b>borg_npc_target Maintenance</b> (</font><font color=#ff0000>queries: 1</font><font color=#0000ff>) in </font><font color=#009900>0.0003 secs</font><br><br>
<font color=#0000ff>Starting <b>User SlowStats Update</b>...</font><br>
<font color=#0000ff>Executed <b>User SlowStats Update</b> (</font><font color=#ff0000>queries: 6</font><font color=#0000ff>) in </font><font color=#009900>0.0046 secs</font><br><br>
<font color=#0000ff>Starting <b>Buildings / Research level fix</b>...</font><br>
<font color=#0000ff>Executed <b>Buildings / Research level fix</b> (</font><font color=#ff0000>queries: 1</font><font color=#0000ff>) in </font><font color=#009900>0.001 secs</font><br><br>
<font color=#0000ff>Starting <b>Rioters planets take over by the settlers</b>...</font><br>
<font color=#0000ff>Executed <b>Rioters planets take over by the settlers</b> (</font><font color=#ff0000>queries: 1</font><font color=#0000ff>) in </font><font color=#009900>0.0044 secs</font><br><br>
<font color=#0000ff>Starting <b>Logbook cleaning</b>...</font><br>
<font color=#0000ff>Executed <b>Logbook cleaning</b> (</font><font color=#ff0000>queries: 8</font><font color=#0000ff>) in </font><font color=#009900>0.0012 secs</font><br><br>
<font color=#0000ff>Starting <b>Clearing invalid war declarations</b>...</font><br>
<font color=#0000ff>Executed <b>Clearing invalid war declarations</b> (</font><font color=#ff0000>queries: 1</font><font color=#0000ff>) in </font><font color=#009900>0.0003 secs</font><br><br>
<b>Finished FixAll-Script in <font color=#009900>0.0682 secs</font><br>Executed Queries: <font color=#ff0000>42</font></b><br>
<br><br><br><b>-------------------------------------------------------------</b><br><b>Starting FixAll-Script at 26.03.21 20:05:01</b><br>
<font color=#0000ff>Starting <b>Recalculate resources</b>...</font><br>
<font color=#0000ff>Executed <b>Recalculate resources</b> (</font><font color=#ff0000>queries: 1</font><font color=#0000ff>) in </font><font color=#009900>0.0208 secs</font><br><br>
<font color=#0000ff>Starting <b>Recalculate security forces</b>...</font><br>
0 of 4 planets now have adjusted values<br>
<font color=#0000ff>Executed <b>Recalculate security forces</b> (</font><font color=#ff0000>queries: 16</font><font color=#0000ff>) in </font><font color=#009900>0.0042 secs</font><br><br>
<font color=#0000ff>Starting <b>Unimatrix Zero Maintenance</b>...</font><br>
Unimatrix Zero Tact Cube count is: 1<br>
Unimatrix Zero Standard Cube count is: 4<br>
Unimatrix Zero Sphere count is: 12<br>
<font color=#0000ff>Executed <b>Unimatrix Zero Maintenance</b> (</font><font color=#ff0000>queries: 6</font><font color=#0000ff>) in </font><font color=#009900>0.0014 secs</font><br><br>
<font color=#0000ff>Starting <b>borg_npc_target Maintenance</b>...</font><br>
<font color=#0000ff>Executed <b>borg_npc_target Maintenance</b> (</font><font color=#ff0000>queries: 1</font><font color=#0000ff>) in </font><font color=#009900>0.0007 secs</font><br><br>
<font color=#0000ff>Starting <b>User SlowStats Update</b>...</font><br>
<font color=#0000ff>Executed <b>User SlowStats Update</b> (</font><font color=#ff0000>queries: 6</font><font color=#0000ff>) in </font><font color=#009900>0.0056 secs</font><br><br>
<font color=#0000ff>Starting <b>Buildings / Research level fix</b>...</font><br>
<font color=#0000ff>Executed <b>Buildings / Research level fix</b> (</font><font color=#ff0000>queries: 1</font><font color=#0000ff>) in </font><font color=#009900>0.0008 secs</font><br><br>
<font color=#0000ff>Starting <b>Rioters planets take over by the settlers</b>...</font><br>
<font color=#0000ff>Executed <b>Rioters planets take over by the settlers</b> (</font><font color=#ff0000>queries: 1</font><font color=#0000ff>) in </font><font color=#009900>0.0033 secs</font><br><br>
<font color=#0000ff>Starting <b>Logbook cleaning</b>...</font><br>
<font color=#0000ff>Executed <b>Logbook cleaning</b> (</font><font color=#ff0000>queries: 8</font><font color=#0000ff>) in </font><font color=#009900>0.0011 secs</font><br><br>
<font color=#0000ff>Starting <b>Clearing invalid war declarations</b>...</font><br>
<font color=#0000ff>Executed <b>Clearing invalid war declarations</b> (</font><font color=#ff0000>queries: 1</font><font color=#0000ff>) in </font><font color=#009900>0.0003 secs</font><br><br>
<b>Finished FixAll-Script in <font color=#009900>0.0631 secs</font><br>Executed Queries: <font color=#ff0000>42</font></b><br>
<br><br><br><b>-------------------------------------------------------------</b><br><b>Starting FixAll-Script at 26.03.21 21:05:01</b><br>
<font color=#0000ff>Starting <b>Recalculate resources</b>...</font><br>
<font color=#0000ff>Executed <b>Recalculate resources</b> (</font><font color=#ff0000>queries: 1</font><font color=#0000ff>) in </font><font color=#009900>0.0233 secs</font><br><br>
<font color=#0000ff>Starting <b>Recalculate security forces</b>...</font><br>
0 of 4 planets now have adjusted values<br>
<font color=#0000ff>Executed <b>Recalculate security forces</b> (</font><font color=#ff0000>queries: 16</font><font color=#0000ff>) in </font><font color=#009900>0.0022 secs</font><br><br>
<font color=#0000ff>Starting <b>Unimatrix Zero Maintenance</b>...</font><br>
Unimatrix Zero Tact Cube count is: 1<br>
Unimatrix Zero Standard Cube count is: 4<br>
Unimatrix Zero Sphere count is: 12<br>
<font color=#0000ff>Executed <b>Unimatrix Zero Maintenance</b> (</font><font color=#ff0000>queries: 6</font><font color=#0000ff>) in </font><font color=#009900>0.0012 secs</font><br><br>
<font color=#0000ff>Starting <b>borg_npc_target Maintenance</b>...</font><br>
<font color=#0000ff>Executed <b>borg_npc_target Maintenance</b> (</font><font color=#ff0000>queries: 1</font><font color=#0000ff>) in </font><font color=#009900>0.0004 secs</font><br><br>
<font color=#0000ff>Starting <b>User SlowStats Update</b>...</font><br>
<font color=#0000ff>Executed <b>User SlowStats Update</b> (</font><font color=#ff0000>queries: 6</font><font color=#0000ff>) in </font><font color=#009900>0.0044 secs</font><br><br>
<font color=#0000ff>Starting <b>Buildings / Research level fix</b>...</font><br>
<font color=#0000ff>Executed <b>Buildings / Research level fix</b> (</font><font color=#ff0000>queries: 1</font><font color=#0000ff>) in </font><font color=#009900>0.0009 secs</font><br><br>
<font color=#0000ff>Starting <b>Rioters planets take over by the settlers</b>...</font><br>
<font color=#0000ff>Executed <b>Rioters planets take over by the settlers</b> (</font><font color=#ff0000>queries: 1</font><font color=#0000ff>) in </font><font color=#009900>0.0083 secs</font><br><br>
<font color=#0000ff>Starting <b>Logbook cleaning</b>...</font><br>
<font color=#0000ff>Executed <b>Logbook cleaning</b> (</font><font color=#ff0000>queries: 8</font><font color=#0000ff>) in </font><font color=#009900>0.0012 secs</font><br><br>
<font color=#0000ff>Starting <b>Clearing invalid war declarations</b>...</font><br>
<font color=#0000ff>Executed <b>Clearing invalid war declarations</b> (</font><font color=#ff0000>queries: 1</font><font color=#0000ff>) in </font><font color=#009900>0.0003 secs</font><br><br>
<b>Finished FixAll-Script in <font color=#009900>0.0702 secs</font><br>Executed Queries: <font color=#ff0000>42</font></b><br>
<br><br><br><b>-------------------------------------------------------------</b><br><b>Starting FixAll-Script at 26.03.21 22:05:01</b><br>
<font color=#0000ff>Starting <b>Recalculate resources</b>...</font><br>
<font color=#0000ff>Executed <b>Recalculate resources</b> (</font><font color=#ff0000>queries: 1</font><font color=#0000ff>) in </font><font color=#009900>0.0349 secs</font><br><br>
<font color=#0000ff>Starting <b>Recalculate security forces</b>...</font><br>
0 of 4 planets now have adjusted values<br>
<font color=#0000ff>Executed <b>Recalculate security forces</b> (</font><font color=#ff0000>queries: 16</font><font color=#0000ff>) in </font><font color=#009900>0.0057 secs</font><br><br>
<font color=#0000ff>Starting <b>Unimatrix Zero Maintenance</b>...</font><br>
Unimatrix Zero Tact Cube count is: 1<br>
Unimatrix Zero Standard Cube count is: 4<br>
Unimatrix Zero Sphere count is: 12<br>
<font color=#0000ff>Executed <b>Unimatrix Zero Maintenance</b> (</font><font color=#ff0000>queries: 6</font><font color=#0000ff>) in </font><font color=#009900>0.0008 secs</font><br><br>
<font color=#0000ff>Starting <b>borg_npc_target Maintenance</b>...</font><br>
<font color=#0000ff>Executed <b>borg_npc_target Maintenance</b> (</font><font color=#ff0000>queries: 1</font><font color=#0000ff>) in </font><font color=#009900>0.0004 secs</font><br><br>
<font color=#0000ff>Starting <b>User SlowStats Update</b>...</font><br>
<font color=#0000ff>Executed <b>User SlowStats Update</b> (</font><font color=#ff0000>queries: 6</font><font color=#0000ff>) in </font><font color=#009900>0.0034 secs</font><br><br>
<font color=#0000ff>Starting <b>Buildings / Research level fix</b>...</font><br>
<font color=#0000ff>Executed <b>Buildings / Research level fix</b> (</font><font color=#ff0000>queries: 1</font><font color=#0000ff>) in </font><font color=#009900>0.0009 secs</font><br><br>
<font color=#0000ff>Starting <b>Rioters planets take over by the settlers</b>...</font><br>
<font color=#0000ff>Executed <b>Rioters planets take over by the settlers</b> (</font><font color=#ff0000>queries: 1</font><font color=#0000ff>) in </font><font color=#009900>0.0049 secs</font><br><br>
<font color=#0000ff>Starting <b>Logbook cleaning</b>...</font><br>
<font color=#0000ff>Executed <b>Logbook cleaning</b> (</font><font color=#ff0000>queries: 8</font><font color=#0000ff>) in </font><font color=#009900>0.001 secs</font><br><br>
<font color=#0000ff>Starting <b>Clearing invalid war declarations</b>...</font><br>
<font color=#0000ff>Executed <b>Clearing invalid war declarations</b> (</font><font color=#ff0000>queries: 1</font><font color=#0000ff>) in </font><font color=#009900>0.0002 secs</font><br><br>
<b>Finished FixAll-Script in <font color=#009900>0.0757 secs</font><br>Executed Queries: <font color=#ff0000>42</font></b><br>
