<br><br><br><b>-------------------------------------------------------------</b><br><b>Starting FixAll-Script at 25.03.21 00:05:01</b><br>
<font color=#0000ff>Starting <b>Recalculate resources</b>...</font><br>
<font color=#0000ff>Executed <b>Recalculate resources</b> (</font><font color=#ff0000>queries: 1</font><font color=#0000ff>) in </font><font color=#009900>0.0386 secs</font><br><br>
<font color=#0000ff>Starting <b>Recalculate security forces</b>...</font><br>
0 of 6 planets now have adjusted values<br>
<font color=#0000ff>Executed <b>Recalculate security forces</b> (</font><font color=#ff0000>queries: 19</font><font color=#0000ff>) in </font><font color=#009900>0.0101 secs</font><br><br>
<font color=#0000ff>Starting <b>Unimatrix Zero Maintenance</b>...</font><br>
Unimatrix Zero Tact Cube count is: 1<br>
Unimatrix Zero Standard Cube count is: 4<br>
Unimatrix Zero Sphere count is: 12<br>
<font color=#0000ff>Executed <b>Unimatrix Zero Maintenance</b> (</font><font color=#ff0000>queries: 6</font><font color=#0000ff>) in </font><font color=#009900>0.0039 secs</font><br><br>
<font color=#0000ff>Starting <b>borg_npc_target Maintenance</b>...</font><br>
<font color=#0000ff>Executed <b>borg_npc_target Maintenance</b> (</font><font color=#ff0000>queries: 1</font><font color=#0000ff>) in </font><font color=#009900>0.0029 secs</font><br><br>
<font color=#0000ff>Starting <b>User SlowStats Update</b>...</font><br>
<font color=#0000ff>Executed <b>User SlowStats Update</b> (</font><font color=#ff0000>queries: 11</font><font color=#0000ff>) in </font><font color=#009900>0.0018 secs</font><br><br>
<font color=#0000ff>Starting <b>Buildings / Research level fix</b>...</font><br>
<font color=#0000ff>Executed <b>Buildings / Research level fix</b> (</font><font color=#ff0000>queries: 1</font><font color=#0000ff>) in </font><font color=#009900>0.0013 secs</font><br><br>
<font color=#0000ff>Starting <b>Rioters planets take over by the settlers</b>...</font><br>
<font color=#0000ff>Executed <b>Rioters planets take over by the settlers</b> (</font><font color=#ff0000>queries: 1</font><font color=#0000ff>) in </font><font color=#009900>0.0082 secs</font><br><br>
<font color=#0000ff>Starting <b>Logbook cleaning</b>...</font><br>
<font color=#0000ff>Executed <b>Logbook cleaning</b> (</font><font color=#ff0000>queries: 10</font><font color=#0000ff>) in </font><font color=#009900>0.0014 secs</font><br><br>
<font color=#0000ff>Starting <b>Clearing invalid war declarations</b>...</font><br>
<font color=#0000ff>Executed <b>Clearing invalid war declarations</b> (</font><font color=#ff0000>queries: 1</font><font color=#0000ff>) in </font><font color=#009900>0.0003 secs</font><br><br>
<b>Finished FixAll-Script in <font color=#009900>0.0996 secs</font><br>Executed Queries: <font color=#ff0000>52</font></b><br>
<br><br><br><b>-------------------------------------------------------------</b><br><b>Starting FixAll-Script at 25.03.21 01:05:02</b><br>
<font color=#0000ff>Starting <b>Recalculate resources</b>...</font><br>
<font color=#0000ff>Executed <b>Recalculate resources</b> (</font><font color=#ff0000>queries: 1</font><font color=#0000ff>) in </font><font color=#009900>0.0394 secs</font><br><br>
<font color=#0000ff>Starting <b>Recalculate security forces</b>...</font><br>
0 of 6 planets now have adjusted values<br>
<font color=#0000ff>Executed <b>Recalculate security forces</b> (</font><font color=#ff0000>queries: 19</font><font color=#0000ff>) in </font><font color=#009900>0.0026 secs</font><br><br>
<font color=#0000ff>Starting <b>Unimatrix Zero Maintenance</b>...</font><br>
Unimatrix Zero Tact Cube count is: 1<br>
Unimatrix Zero Standard Cube count is: 4<br>
Unimatrix Zero Sphere count is: 12<br>
<font color=#0000ff>Executed <b>Unimatrix Zero Maintenance</b> (</font><font color=#ff0000>queries: 6</font><font color=#0000ff>) in </font><font color=#009900>0.0007 secs</font><br><br>
<font color=#0000ff>Starting <b>borg_npc_target Maintenance</b>...</font><br>
<font color=#0000ff>Executed <b>borg_npc_target Maintenance</b> (</font><font color=#ff0000>queries: 1</font><font color=#0000ff>) in </font><font color=#009900>0.0003 secs</font><br><br>
<font color=#0000ff>Starting <b>User SlowStats Update</b>...</font><br>
<font color=#0000ff>Executed <b>User SlowStats Update</b> (</font><font color=#ff0000>queries: 11</font><font color=#0000ff>) in </font><font color=#009900>0.0019 secs</font><br><br>
<font color=#0000ff>Starting <b>Buildings / Research level fix</b>...</font><br>
<font color=#0000ff>Executed <b>Buildings / Research level fix</b> (</font><font color=#ff0000>queries: 1</font><font color=#0000ff>) in </font><font color=#009900>0.001 secs</font><br><br>
<font color=#0000ff>Starting <b>Rioters planets take over by the settlers</b>...</font><br>
<font color=#0000ff>Executed <b>Rioters planets take over by the settlers</b> (</font><font color=#ff0000>queries: 1</font><font color=#0000ff>) in </font><font color=#009900>0.0065 secs</font><br><br>
<font color=#0000ff>Starting <b>Logbook cleaning</b>...</font><br>
<font color=#0000ff>Executed <b>Logbook cleaning</b> (</font><font color=#ff0000>queries: 10</font><font color=#0000ff>) in </font><font color=#009900>0.0012 secs</font><br><br>
<font color=#0000ff>Starting <b>Clearing invalid war declarations</b>...</font><br>
<font color=#0000ff>Executed <b>Clearing invalid war declarations</b> (</font><font color=#ff0000>queries: 1</font><font color=#0000ff>) in </font><font color=#009900>0.0002 secs</font><br><br>
<b>Finished FixAll-Script in <font color=#009900>0.0819 secs</font><br>Executed Queries: <font color=#ff0000>52</font></b><br>
<br><br><br><b>-------------------------------------------------------------</b><br><b>Starting FixAll-Script at 25.03.21 02:05:01</b><br>
<font color=#0000ff>Starting <b>Recalculate resources</b>...</font><br>
<font color=#0000ff>Executed <b>Recalculate resources</b> (</font><font color=#ff0000>queries: 1</font><font color=#0000ff>) in </font><font color=#009900>0.0281 secs</font><br><br>
<font color=#0000ff>Starting <b>Recalculate security forces</b>...</font><br>
0 of 6 planets now have adjusted values<br>
<font color=#0000ff>Executed <b>Recalculate security forces</b> (</font><font color=#ff0000>queries: 19</font><font color=#0000ff>) in </font><font color=#009900>0.0041 secs</font><br><br>
<font color=#0000ff>Starting <b>Unimatrix Zero Maintenance</b>...</font><br>
Unimatrix Zero Tact Cube count is: 1<br>
Unimatrix Zero Standard Cube count is: 4<br>
Unimatrix Zero Sphere count is: 12<br>
<font color=#0000ff>Executed <b>Unimatrix Zero Maintenance</b> (</font><font color=#ff0000>queries: 6</font><font color=#0000ff>) in </font><font color=#009900>0.0006 secs</font><br><br>
<font color=#0000ff>Starting <b>borg_npc_target Maintenance</b>...</font><br>
<font color=#0000ff>Executed <b>borg_npc_target Maintenance</b> (</font><font color=#ff0000>queries: 1</font><font color=#0000ff>) in </font><font color=#009900>0.0003 secs</font><br><br>
<font color=#0000ff>Starting <b>User SlowStats Update</b>...</font><br>
<font color=#0000ff>Executed <b>User SlowStats Update</b> (</font><font color=#ff0000>queries: 11</font><font color=#0000ff>) in </font><font color=#009900>0.0014 secs</font><br><br>
<font color=#0000ff>Starting <b>Buildings / Research level fix</b>...</font><br>
<font color=#0000ff>Executed <b>Buildings / Research level fix</b> (</font><font color=#ff0000>queries: 1</font><font color=#0000ff>) in </font><font color=#009900>0.001 secs</font><br><br>
<font color=#0000ff>Starting <b>Rioters planets take over by the settlers</b>...</font><br>
<font color=#0000ff>Executed <b>Rioters planets take over by the settlers</b> (</font><font color=#ff0000>queries: 1</font><font color=#0000ff>) in </font><font color=#009900>0.0035 secs</font><br><br>
<font color=#0000ff>Starting <b>Logbook cleaning</b>...</font><br>
<font color=#0000ff>Executed <b>Logbook cleaning</b> (</font><font color=#ff0000>queries: 10</font><font color=#0000ff>) in </font><font color=#009900>0.0011 secs</font><br><br>
<font color=#0000ff>Starting <b>Clearing invalid war declarations</b>...</font><br>
<font color=#0000ff>Executed <b>Clearing invalid war declarations</b> (</font><font color=#ff0000>queries: 1</font><font color=#0000ff>) in </font><font color=#009900>0.0002 secs</font><br><br>
<b>Finished FixAll-Script in <font color=#009900>0.0626 secs</font><br>Executed Queries: <font color=#ff0000>52</font></b><br>
<br><br><br><b>-------------------------------------------------------------</b><br><b>Starting FixAll-Script at 25.03.21 03:05:01</b><br>
<font color=#0000ff>Starting <b>Recalculate resources</b>...</font><br>
<font color=#0000ff>Executed <b>Recalculate resources</b> (</font><font color=#ff0000>queries: 1</font><font color=#0000ff>) in </font><font color=#009900>0.0414 secs</font><br><br>
<font color=#0000ff>Starting <b>Recalculate security forces</b>...</font><br>
0 of 6 planets now have adjusted values<br>
<font color=#0000ff>Executed <b>Recalculate security forces</b> (</font><font color=#ff0000>queries: 19</font><font color=#0000ff>) in </font><font color=#009900>0.0028 secs</font><br><br>
<font color=#0000ff>Starting <b>Unimatrix Zero Maintenance</b>...</font><br>
Unimatrix Zero Tact Cube count is: 1<br>
Unimatrix Zero Standard Cube count is: 4<br>
Unimatrix Zero Sphere count is: 12<br>
<font color=#0000ff>Executed <b>Unimatrix Zero Maintenance</b> (</font><font color=#ff0000>queries: 6</font><font color=#0000ff>) in </font><font color=#009900>0.0036 secs</font><br><br>
<font color=#0000ff>Starting <b>borg_npc_target Maintenance</b>...</font><br>
<font color=#0000ff>Executed <b>borg_npc_target Maintenance</b> (</font><font color=#ff0000>queries: 1</font><font color=#0000ff>) in </font><font color=#009900>0.0003 secs</font><br><br>
<font color=#0000ff>Starting <b>User SlowStats Update</b>...</font><br>
<font color=#0000ff>Executed <b>User SlowStats Update</b> (</font><font color=#ff0000>queries: 11</font><font color=#0000ff>) in </font><font color=#009900>0.0017 secs</font><br><br>
<font color=#0000ff>Starting <b>Buildings / Research level fix</b>...</font><br>
<font color=#0000ff>Executed <b>Buildings / Research level fix</b> (</font><font color=#ff0000>queries: 1</font><font color=#0000ff>) in </font><font color=#009900>0.0009 secs</font><br><br>
<font color=#0000ff>Starting <b>Rioters planets take over by the settlers</b>...</font><br>
<font color=#0000ff>Executed <b>Rioters planets take over by the settlers</b> (</font><font color=#ff0000>queries: 1</font><font color=#0000ff>) in </font><font color=#009900>0.0068 secs</font><br><br>
<font color=#0000ff>Starting <b>Logbook cleaning</b>...</font><br>
<font color=#0000ff>Executed <b>Logbook cleaning</b> (</font><font color=#ff0000>queries: 10</font><font color=#0000ff>) in </font><font color=#009900>0.0012 secs</font><br><br>
<font color=#0000ff>Starting <b>Clearing invalid war declarations</b>...</font><br>
<font color=#0000ff>Executed <b>Clearing invalid war declarations</b> (</font><font color=#ff0000>queries: 1</font><font color=#0000ff>) in </font><font color=#009900>0.0002 secs</font><br><br>
<b>Finished FixAll-Script in <font color=#009900>0.0907 secs</font><br>Executed Queries: <font color=#ff0000>52</font></b><br>
<br><br><br><b>-------------------------------------------------------------</b><br><b>Starting FixAll-Script at 25.03.21 04:05:01</b><br>
<font color=#0000ff>Starting <b>Recalculate resources</b>...</font><br>
<font color=#0000ff>Executed <b>Recalculate resources</b> (</font><font color=#ff0000>queries: 1</font><font color=#0000ff>) in </font><font color=#009900>0.0308 secs</font><br><br>
<font color=#0000ff>Starting <b>Recalculate security forces</b>...</font><br>
0 of 6 planets now have adjusted values<br>
<font color=#0000ff>Executed <b>Recalculate security forces</b> (</font><font color=#ff0000>queries: 19</font><font color=#0000ff>) in </font><font color=#009900>0.0071 secs</font><br><br>
<font color=#0000ff>Starting <b>Unimatrix Zero Maintenance</b>...</font><br>
Unimatrix Zero Tact Cube count is: 1<br>
Unimatrix Zero Standard Cube count is: 4<br>
Unimatrix Zero Sphere count is: 12<br>
<font color=#0000ff>Executed <b>Unimatrix Zero Maintenance</b> (</font><font color=#ff0000>queries: 6</font><font color=#0000ff>) in </font><font color=#009900>0.0007 secs</font><br><br>
<font color=#0000ff>Starting <b>borg_npc_target Maintenance</b>...</font><br>
<font color=#0000ff>Executed <b>borg_npc_target Maintenance</b> (</font><font color=#ff0000>queries: 1</font><font color=#0000ff>) in </font><font color=#009900>0.0003 secs</font><br><br>
<font color=#0000ff>Starting <b>User SlowStats Update</b>...</font><br>
<font color=#0000ff>Executed <b>User SlowStats Update</b> (</font><font color=#ff0000>queries: 11</font><font color=#0000ff>) in </font><font color=#009900>0.0018 secs</font><br><br>
<font color=#0000ff>Starting <b>Buildings / Research level fix</b>...</font><br>
<font color=#0000ff>Executed <b>Buildings / Research level fix</b> (</font><font color=#ff0000>queries: 1</font><font color=#0000ff>) in </font><font color=#009900>0.0009 secs</font><br><br>
<font color=#0000ff>Starting <b>Rioters planets take over by the settlers</b>...</font><br>
<font color=#0000ff>Executed <b>Rioters planets take over by the settlers</b> (</font><font color=#ff0000>queries: 1</font><font color=#0000ff>) in </font><font color=#009900>0.0041 secs</font><br><br>
<font color=#0000ff>Starting <b>Logbook cleaning</b>...</font><br>
<font color=#0000ff>Executed <b>Logbook cleaning</b> (</font><font color=#ff0000>queries: 10</font><font color=#0000ff>) in </font><font color=#009900>0.001 secs</font><br><br>
<font color=#0000ff>Starting <b>Clearing invalid war declarations</b>...</font><br>
<font color=#0000ff>Executed <b>Clearing invalid war declarations</b> (</font><font color=#ff0000>queries: 1</font><font color=#0000ff>) in </font><font color=#009900>0.0003 secs</font><br><br>
<b>Finished FixAll-Script in <font color=#009900>0.0736 secs</font><br>Executed Queries: <font color=#ff0000>52</font></b><br>
<br><br><br><b>-------------------------------------------------------------</b><br><b>Starting FixAll-Script at 25.03.21 05:05:01</b><br>
<font color=#0000ff>Starting <b>Recalculate resources</b>...</font><br>
<font color=#0000ff>Executed <b>Recalculate resources</b> (</font><font color=#ff0000>queries: 1</font><font color=#0000ff>) in </font><font color=#009900>0.0289 secs</font><br><br>
<font color=#0000ff>Starting <b>Recalculate security forces</b>...</font><br>
0 of 6 planets now have adjusted values<br>
<font color=#0000ff>Executed <b>Recalculate security forces</b> (</font><font color=#ff0000>queries: 19</font><font color=#0000ff>) in </font><font color=#009900>0.0084 secs</font><br><br>
<font color=#0000ff>Starting <b>Unimatrix Zero Maintenance</b>...</font><br>
Unimatrix Zero Tact Cube count is: 1<br>
Unimatrix Zero Standard Cube count is: 4<br>
Unimatrix Zero Sphere count is: 12<br>
<font color=#0000ff>Executed <b>Unimatrix Zero Maintenance</b> (</font><font color=#ff0000>queries: 6</font><font color=#0000ff>) in </font><font color=#009900>0.0008 secs</font><br><br>
<font color=#0000ff>Starting <b>borg_npc_target Maintenance</b>...</font><br>
<font color=#0000ff>Executed <b>borg_npc_target Maintenance</b> (</font><font color=#ff0000>queries: 1</font><font color=#0000ff>) in </font><font color=#009900>0.0003 secs</font><br><br>
<font color=#0000ff>Starting <b>User SlowStats Update</b>...</font><br>
<font color=#0000ff>Executed <b>User SlowStats Update</b> (</font><font color=#ff0000>queries: 11</font><font color=#0000ff>) in </font><font color=#009900>0.0018 secs</font><br><br>
<font color=#0000ff>Starting <b>Buildings / Research level fix</b>...</font><br>
<font color=#0000ff>Executed <b>Buildings / Research level fix</b> (</font><font color=#ff0000>queries: 1</font><font color=#0000ff>) in </font><font color=#009900>0.0009 secs</font><br><br>
<font color=#0000ff>Starting <b>Rioters planets take over by the settlers</b>...</font><br>
<font color=#0000ff>Executed <b>Rioters planets take over by the settlers</b> (</font><font color=#ff0000>queries: 1</font><font color=#0000ff>) in </font><font color=#009900>0.0043 secs</font><br><br>
<font color=#0000ff>Starting <b>Logbook cleaning</b>...</font><br>
<font color=#0000ff>Executed <b>Logbook cleaning</b> (</font><font color=#ff0000>queries: 10</font><font color=#0000ff>) in </font><font color=#009900>0.0012 secs</font><br><br>
<font color=#0000ff>Starting <b>Clearing invalid war declarations</b>...</font><br>
<font color=#0000ff>Executed <b>Clearing invalid war declarations</b> (</font><font color=#ff0000>queries: 1</font><font color=#0000ff>) in </font><font color=#009900>0.0002 secs</font><br><br>
<b>Finished FixAll-Script in <font color=#009900>0.069 secs</font><br>Executed Queries: <font color=#ff0000>52</font></b><br>
<br><br><br><b>-------------------------------------------------------------</b><br><b>Starting FixAll-Script at 25.03.21 06:05:01</b><br>
<font color=#0000ff>Starting <b>Recalculate resources</b>...</font><br>
<font color=#0000ff>Executed <b>Recalculate resources</b> (</font><font color=#ff0000>queries: 1</font><font color=#0000ff>) in </font><font color=#009900>0.0421 secs</font><br><br>
<font color=#0000ff>Starting <b>Recalculate security forces</b>...</font><br>
0 of 6 planets now have adjusted values<br>
<font color=#0000ff>Executed <b>Recalculate security forces</b> (</font><font color=#ff0000>queries: 19</font><font color=#0000ff>) in </font><font color=#009900>0.0088 secs</font><br><br>
<font color=#0000ff>Starting <b>Unimatrix Zero Maintenance</b>...</font><br>
Unimatrix Zero Tact Cube count is: 1<br>
Unimatrix Zero Standard Cube count is: 4<br>
Unimatrix Zero Sphere count is: 12<br>
<font color=#0000ff>Executed <b>Unimatrix Zero Maintenance</b> (</font><font color=#ff0000>queries: 6</font><font color=#0000ff>) in </font><font color=#009900>0.001 secs</font><br><br>
<font color=#0000ff>Starting <b>borg_npc_target Maintenance</b>...</font><br>
<font color=#0000ff>Executed <b>borg_npc_target Maintenance</b> (</font><font color=#ff0000>queries: 1</font><font color=#0000ff>) in </font><font color=#009900>0.0004 secs</font><br><br>
<font color=#0000ff>Starting <b>User SlowStats Update</b>...</font><br>
<font color=#0000ff>Executed <b>User SlowStats Update</b> (</font><font color=#ff0000>queries: 11</font><font color=#0000ff>) in </font><font color=#009900>0.0057 secs</font><br><br>
<font color=#0000ff>Starting <b>Buildings / Research level fix</b>...</font><br>
<font color=#0000ff>Executed <b>Buildings / Research level fix</b> (</font><font color=#ff0000>queries: 1</font><font color=#0000ff>) in </font><font color=#009900>0.0012 secs</font><br><br>
<font color=#0000ff>Starting <b>Rioters planets take over by the settlers</b>...</font><br>
<font color=#0000ff>Executed <b>Rioters planets take over by the settlers</b> (</font><font color=#ff0000>queries: 1</font><font color=#0000ff>) in </font><font color=#009900>0.0067 secs</font><br><br>
<font color=#0000ff>Starting <b>Logbook cleaning</b>...</font><br>
<font color=#0000ff>Executed <b>Logbook cleaning</b> (</font><font color=#ff0000>queries: 10</font><font color=#0000ff>) in </font><font color=#009900>0.0015 secs</font><br><br>
<font color=#0000ff>Starting <b>Clearing invalid war declarations</b>...</font><br>
<font color=#0000ff>Executed <b>Clearing invalid war declarations</b> (</font><font color=#ff0000>queries: 1</font><font color=#0000ff>) in </font><font color=#009900>0.0003 secs</font><br><br>
<b>Finished FixAll-Script in <font color=#009900>0.0972 secs</font><br>Executed Queries: <font color=#ff0000>52</font></b><br>
<br><br><br><b>-------------------------------------------------------------</b><br><b>Starting FixAll-Script at 25.03.21 07:05:01</b><br>
<font color=#0000ff>Starting <b>Recalculate resources</b>...</font><br>
<font color=#0000ff>Executed <b>Recalculate resources</b> (</font><font color=#ff0000>queries: 1</font><font color=#0000ff>) in </font><font color=#009900>0.038 secs</font><br><br>
<font color=#0000ff>Starting <b>Recalculate security forces</b>...</font><br>
0 of 6 planets now have adjusted values<br>
<font color=#0000ff>Executed <b>Recalculate security forces</b> (</font><font color=#ff0000>queries: 19</font><font color=#0000ff>) in </font><font color=#009900>0.0091 secs</font><br><br>
<font color=#0000ff>Starting <b>Unimatrix Zero Maintenance</b>...</font><br>
Unimatrix Zero Tact Cube count is: 1<br>
Unimatrix Zero Standard Cube count is: 4<br>
Unimatrix Zero Sphere count is: 12<br>
<font color=#0000ff>Executed <b>Unimatrix Zero Maintenance</b> (</font><font color=#ff0000>queries: 6</font><font color=#0000ff>) in </font><font color=#009900>0.001 secs</font><br><br>
<font color=#0000ff>Starting <b>borg_npc_target Maintenance</b>...</font><br>
<font color=#0000ff>Executed <b>borg_npc_target Maintenance</b> (</font><font color=#ff0000>queries: 1</font><font color=#0000ff>) in </font><font color=#009900>0.0004 secs</font><br><br>
<font color=#0000ff>Starting <b>User SlowStats Update</b>...</font><br>
<font color=#0000ff>Executed <b>User SlowStats Update</b> (</font><font color=#ff0000>queries: 11</font><font color=#0000ff>) in </font><font color=#009900>0.0019 secs</font><br><br>
<font color=#0000ff>Starting <b>Buildings / Research level fix</b>...</font><br>
<font color=#0000ff>Executed <b>Buildings / Research level fix</b> (</font><font color=#ff0000>queries: 1</font><font color=#0000ff>) in </font><font color=#009900>0.0009 secs</font><br><br>
<font color=#0000ff>Starting <b>Rioters planets take over by the settlers</b>...</font><br>
<font color=#0000ff>Executed <b>Rioters planets take over by the settlers</b> (</font><font color=#ff0000>queries: 1</font><font color=#0000ff>) in </font><font color=#009900>0.005 secs</font><br><br>
<font color=#0000ff>Starting <b>Logbook cleaning</b>...</font><br>
<font color=#0000ff>Executed <b>Logbook cleaning</b> (</font><font color=#ff0000>queries: 10</font><font color=#0000ff>) in </font><font color=#009900>0.0014 secs</font><br><br>
<font color=#0000ff>Starting <b>Clearing invalid war declarations</b>...</font><br>
<font color=#0000ff>Executed <b>Clearing invalid war declarations</b> (</font><font color=#ff0000>queries: 1</font><font color=#0000ff>) in </font><font color=#009900>0.0003 secs</font><br><br>
<b>Finished FixAll-Script in <font color=#009900>0.0902 secs</font><br>Executed Queries: <font color=#ff0000>52</font></b><br>
<br><br><br><b>-------------------------------------------------------------</b><br><b>Starting FixAll-Script at 25.03.21 08:05:01</b><br>
<font color=#0000ff>Starting <b>Recalculate resources</b>...</font><br>
<font color=#0000ff>Executed <b>Recalculate resources</b> (</font><font color=#ff0000>queries: 1</font><font color=#0000ff>) in </font><font color=#009900>0.0292 secs</font><br><br>
<font color=#0000ff>Starting <b>Recalculate security forces</b>...</font><br>
0 of 6 planets now have adjusted values<br>
<font color=#0000ff>Executed <b>Recalculate security forces</b> (</font><font color=#ff0000>queries: 19</font><font color=#0000ff>) in </font><font color=#009900>0.0089 secs</font><br><br>
<font color=#0000ff>Starting <b>Unimatrix Zero Maintenance</b>...</font><br>
Unimatrix Zero Tact Cube count is: 1<br>
Unimatrix Zero Standard Cube count is: 4<br>
Unimatrix Zero Sphere count is: 12<br>
<font color=#0000ff>Executed <b>Unimatrix Zero Maintenance</b> (</font><font color=#ff0000>queries: 6</font><font color=#0000ff>) in </font><font color=#009900>0.0008 secs</font><br><br>
<font color=#0000ff>Starting <b>borg_npc_target Maintenance</b>...</font><br>
<font color=#0000ff>Executed <b>borg_npc_target Maintenance</b> (</font><font color=#ff0000>queries: 1</font><font color=#0000ff>) in </font><font color=#009900>0.0003 secs</font><br><br>
<font color=#0000ff>Starting <b>User SlowStats Update</b>...</font><br>
<font color=#0000ff>Executed <b>User SlowStats Update</b> (</font><font color=#ff0000>queries: 11</font><font color=#0000ff>) in </font><font color=#009900>0.002 secs</font><br><br>
<font color=#0000ff>Starting <b>Buildings / Research level fix</b>...</font><br>
<font color=#0000ff>Executed <b>Buildings / Research level fix</b> (</font><font color=#ff0000>queries: 1</font><font color=#0000ff>) in </font><font color=#009900>0.0009 secs</font><br><br>
<font color=#0000ff>Starting <b>Rioters planets take over by the settlers</b>...</font><br>
<font color=#0000ff>Executed <b>Rioters planets take over by the settlers</b> (</font><font color=#ff0000>queries: 1</font><font color=#0000ff>) in </font><font color=#009900>0.0042 secs</font><br><br>
<font color=#0000ff>Starting <b>Logbook cleaning</b>...</font><br>
<font color=#0000ff>Executed <b>Logbook cleaning</b> (</font><font color=#ff0000>queries: 10</font><font color=#0000ff>) in </font><font color=#009900>0.0013 secs</font><br><br>
<font color=#0000ff>Starting <b>Clearing invalid war declarations</b>...</font><br>
<font color=#0000ff>Executed <b>Clearing invalid war declarations</b> (</font><font color=#ff0000>queries: 1</font><font color=#0000ff>) in </font><font color=#009900>0.0003 secs</font><br><br>
<b>Finished FixAll-Script in <font color=#009900>0.073 secs</font><br>Executed Queries: <font color=#ff0000>52</font></b><br>
<br><br><br><b>-------------------------------------------------------------</b><br><b>Starting FixAll-Script at 25.03.21 09:05:01</b><br>
<font color=#0000ff>Starting <b>Recalculate resources</b>...</font><br>
<font color=#0000ff>Executed <b>Recalculate resources</b> (</font><font color=#ff0000>queries: 1</font><font color=#0000ff>) in </font><font color=#009900>0.0444 secs</font><br><br>
<font color=#0000ff>Starting <b>Recalculate security forces</b>...</font><br>
0 of 6 planets now have adjusted values<br>
<font color=#0000ff>Executed <b>Recalculate security forces</b> (</font><font color=#ff0000>queries: 19</font><font color=#0000ff>) in </font><font color=#009900>0.0112 secs</font><br><br>
<font color=#0000ff>Starting <b>Unimatrix Zero Maintenance</b>...</font><br>
Unimatrix Zero Tact Cube count is: 1<br>
Unimatrix Zero Standard Cube count is: 4<br>
Unimatrix Zero Sphere count is: 12<br>
<font color=#0000ff>Executed <b>Unimatrix Zero Maintenance</b> (</font><font color=#ff0000>queries: 6</font><font color=#0000ff>) in </font><font color=#009900>0.0009 secs</font><br><br>
<font color=#0000ff>Starting <b>borg_npc_target Maintenance</b>...</font><br>
<font color=#0000ff>Executed <b>borg_npc_target Maintenance</b> (</font><font color=#ff0000>queries: 1</font><font color=#0000ff>) in </font><font color=#009900>0.0005 secs</font><br><br>
<font color=#0000ff>Starting <b>User SlowStats Update</b>...</font><br>
<font color=#0000ff>Executed <b>User SlowStats Update</b> (</font><font color=#ff0000>queries: 11</font><font color=#0000ff>) in </font><font color=#009900>0.002 secs</font><br><br>
<font color=#0000ff>Starting <b>Buildings / Research level fix</b>...</font><br>
<font color=#0000ff>Executed <b>Buildings / Research level fix</b> (</font><font color=#ff0000>queries: 1</font><font color=#0000ff>) in </font><font color=#009900>0.0011 secs</font><br><br>
<font color=#0000ff>Starting <b>Rioters planets take over by the settlers</b>...</font><br>
<font color=#0000ff>Executed <b>Rioters planets take over by the settlers</b> (</font><font color=#ff0000>queries: 1</font><font color=#0000ff>) in </font><font color=#009900>0.0085 secs</font><br><br>
<font color=#0000ff>Starting <b>Logbook cleaning</b>...</font><br>
<font color=#0000ff>Executed <b>Logbook cleaning</b> (</font><font color=#ff0000>queries: 10</font><font color=#0000ff>) in </font><font color=#009900>0.0016 secs</font><br><br>
<font color=#0000ff>Starting <b>Clearing invalid war declarations</b>...</font><br>
<font color=#0000ff>Executed <b>Clearing invalid war declarations</b> (</font><font color=#ff0000>queries: 1</font><font color=#0000ff>) in </font><font color=#009900>0.0003 secs</font><br><br>
<b>Finished FixAll-Script in <font color=#009900>0.1002 secs</font><br>Executed Queries: <font color=#ff0000>52</font></b><br>
<br><br><br><b>-------------------------------------------------------------</b><br><b>Starting FixAll-Script at 25.03.21 10:05:01</b><br>
<font color=#0000ff>Starting <b>Recalculate resources</b>...</font><br>
<font color=#0000ff>Executed <b>Recalculate resources</b> (</font><font color=#ff0000>queries: 1</font><font color=#0000ff>) in </font><font color=#009900>0.0297 secs</font><br><br>
<font color=#0000ff>Starting <b>Recalculate security forces</b>...</font><br>
0 of 6 planets now have adjusted values<br>
<font color=#0000ff>Executed <b>Recalculate security forces</b> (</font><font color=#ff0000>queries: 19</font><font color=#0000ff>) in </font><font color=#009900>0.0036 secs</font><br><br>
<font color=#0000ff>Starting <b>Unimatrix Zero Maintenance</b>...</font><br>
Unimatrix Zero Tact Cube count is: 1<br>
Unimatrix Zero Standard Cube count is: 4<br>
Unimatrix Zero Sphere count is: 12<br>
<font color=#0000ff>Executed <b>Unimatrix Zero Maintenance</b> (</font><font color=#ff0000>queries: 6</font><font color=#0000ff>) in </font><font color=#009900>0.0028 secs</font><br><br>
<font color=#0000ff>Starting <b>borg_npc_target Maintenance</b>...</font><br>
<font color=#0000ff>Executed <b>borg_npc_target Maintenance</b> (</font><font color=#ff0000>queries: 1</font><font color=#0000ff>) in </font><font color=#009900>0.0004 secs</font><br><br>
<font color=#0000ff>Starting <b>User SlowStats Update</b>...</font><br>
<font color=#0000ff>Executed <b>User SlowStats Update</b> (</font><font color=#ff0000>queries: 11</font><font color=#0000ff>) in </font><font color=#009900>0.0054 secs</font><br><br>
<font color=#0000ff>Starting <b>Buildings / Research level fix</b>...</font><br>
<font color=#0000ff>Executed <b>Buildings / Research level fix</b> (</font><font color=#ff0000>queries: 1</font><font color=#0000ff>) in </font><font color=#009900>0.0008 secs</font><br><br>
<font color=#0000ff>Starting <b>Rioters planets take over by the settlers</b>...</font><br>
<font color=#0000ff>Executed <b>Rioters planets take over by the settlers</b> (</font><font color=#ff0000>queries: 1</font><font color=#0000ff>) in </font><font color=#009900>0.0043 secs</font><br><br>
<font color=#0000ff>Starting <b>Logbook cleaning</b>...</font><br>
<font color=#0000ff>Executed <b>Logbook cleaning</b> (</font><font color=#ff0000>queries: 10</font><font color=#0000ff>) in </font><font color=#009900>0.0015 secs</font><br><br>
<font color=#0000ff>Starting <b>Clearing invalid war declarations</b>...</font><br>
<font color=#0000ff>Executed <b>Clearing invalid war declarations</b> (</font><font color=#ff0000>queries: 1</font><font color=#0000ff>) in </font><font color=#009900>0.0003 secs</font><br><br>
<b>Finished FixAll-Script in <font color=#009900>0.0702 secs</font><br>Executed Queries: <font color=#ff0000>52</font></b><br>
<br><br><br><b>-------------------------------------------------------------</b><br><b>Starting FixAll-Script at 25.03.21 11:05:01</b><br>
<font color=#0000ff>Starting <b>Recalculate resources</b>...</font><br>
<font color=#0000ff>Executed <b>Recalculate resources</b> (</font><font color=#ff0000>queries: 1</font><font color=#0000ff>) in </font><font color=#009900>0.0341 secs</font><br><br>
<font color=#0000ff>Starting <b>Recalculate security forces</b>...</font><br>
0 of 6 planets now have adjusted values<br>
<font color=#0000ff>Executed <b>Recalculate security forces</b> (</font><font color=#ff0000>queries: 19</font><font color=#0000ff>) in </font><font color=#009900>0.0088 secs</font><br><br>
<font color=#0000ff>Starting <b>Unimatrix Zero Maintenance</b>...</font><br>
Unimatrix Zero Tact Cube count is: 1<br>
Unimatrix Zero Standard Cube count is: 4<br>
Unimatrix Zero Sphere count is: 12<br>
<font color=#0000ff>Executed <b>Unimatrix Zero Maintenance</b> (</font><font color=#ff0000>queries: 6</font><font color=#0000ff>) in </font><font color=#009900>0.0008 secs</font><br><br>
<font color=#0000ff>Starting <b>borg_npc_target Maintenance</b>...</font><br>
<font color=#0000ff>Executed <b>borg_npc_target Maintenance</b> (</font><font color=#ff0000>queries: 1</font><font color=#0000ff>) in </font><font color=#009900>0.0004 secs</font><br><br>
<font color=#0000ff>Starting <b>User SlowStats Update</b>...</font><br>
<font color=#0000ff>Executed <b>User SlowStats Update</b> (</font><font color=#ff0000>queries: 11</font><font color=#0000ff>) in </font><font color=#009900>0.0016 secs</font><br><br>
<font color=#0000ff>Starting <b>Buildings / Research level fix</b>...</font><br>
<font color=#0000ff>Executed <b>Buildings / Research level fix</b> (</font><font color=#ff0000>queries: 1</font><font color=#0000ff>) in </font><font color=#009900>0.0009 secs</font><br><br>
<font color=#0000ff>Starting <b>Rioters planets take over by the settlers</b>...</font><br>
<font color=#0000ff>Executed <b>Rioters planets take over by the settlers</b> (</font><font color=#ff0000>queries: 1</font><font color=#0000ff>) in </font><font color=#009900>0.0066 secs</font><br><br>
<font color=#0000ff>Starting <b>Logbook cleaning</b>...</font><br>
<font color=#0000ff>Executed <b>Logbook cleaning</b> (</font><font color=#ff0000>queries: 9</font><font color=#0000ff>) in </font><font color=#009900>0.0014 secs</font><br><br>
<font color=#0000ff>Starting <b>Clearing invalid war declarations</b>...</font><br>
<font color=#0000ff>Executed <b>Clearing invalid war declarations</b> (</font><font color=#ff0000>queries: 1</font><font color=#0000ff>) in </font><font color=#009900>0.0004 secs</font><br><br>
<b>Finished FixAll-Script in <font color=#009900>0.0822 secs</font><br>Executed Queries: <font color=#ff0000>51</font></b><br>
<br><br><br><b>-------------------------------------------------------------</b><br><b>Starting FixAll-Script at 25.03.21 12:05:01</b><br>
<font color=#0000ff>Starting <b>Recalculate resources</b>...</font><br>
<font color=#0000ff>Executed <b>Recalculate resources</b> (</font><font color=#ff0000>queries: 1</font><font color=#0000ff>) in </font><font color=#009900>0.023 secs</font><br><br>
<font color=#0000ff>Starting <b>Recalculate security forces</b>...</font><br>
0 of 6 planets now have adjusted values<br>
<font color=#0000ff>Executed <b>Recalculate security forces</b> (</font><font color=#ff0000>queries: 19</font><font color=#0000ff>) in </font><font color=#009900>0.0081 secs</font><br><br>
<font color=#0000ff>Starting <b>Unimatrix Zero Maintenance</b>...</font><br>
Unimatrix Zero Tact Cube count is: 1<br>
Unimatrix Zero Standard Cube count is: 4<br>
Unimatrix Zero Sphere count is: 12<br>
<font color=#0000ff>Executed <b>Unimatrix Zero Maintenance</b> (</font><font color=#ff0000>queries: 6</font><font color=#0000ff>) in </font><font color=#009900>0.0007 secs</font><br><br>
<font color=#0000ff>Starting <b>borg_npc_target Maintenance</b>...</font><br>
<font color=#0000ff>Executed <b>borg_npc_target Maintenance</b> (</font><font color=#ff0000>queries: 1</font><font color=#0000ff>) in </font><font color=#009900>0.0004 secs</font><br><br>
<font color=#0000ff>Starting <b>User SlowStats Update</b>...</font><br>
<font color=#0000ff>Executed <b>User SlowStats Update</b> (</font><font color=#ff0000>queries: 11</font><font color=#0000ff>) in </font><font color=#009900>0.0014 secs</font><br><br>
<font color=#0000ff>Starting <b>Buildings / Research level fix</b>...</font><br>
<font color=#0000ff>Executed <b>Buildings / Research level fix</b> (</font><font color=#ff0000>queries: 1</font><font color=#0000ff>) in </font><font color=#009900>0.0008 secs</font><br><br>
<font color=#0000ff>Starting <b>Rioters planets take over by the settlers</b>...</font><br>
<font color=#0000ff>Executed <b>Rioters planets take over by the settlers</b> (</font><font color=#ff0000>queries: 1</font><font color=#0000ff>) in </font><font color=#009900>0.0042 secs</font><br><br>
<font color=#0000ff>Starting <b>Logbook cleaning</b>...</font><br>
<font color=#0000ff>Executed <b>Logbook cleaning</b> (</font><font color=#ff0000>queries: 9</font><font color=#0000ff>) in </font><font color=#009900>0.0012 secs</font><br><br>
<font color=#0000ff>Starting <b>Clearing invalid war declarations</b>...</font><br>
<font color=#0000ff>Executed <b>Clearing invalid war declarations</b> (</font><font color=#ff0000>queries: 1</font><font color=#0000ff>) in </font><font color=#009900>0.0002 secs</font><br><br>
<b>Finished FixAll-Script in <font color=#009900>0.0636 secs</font><br>Executed Queries: <font color=#ff0000>51</font></b><br>
<br><br><br><b>-------------------------------------------------------------</b><br><b>Starting FixAll-Script at 25.03.21 13:05:01</b><br>
<font color=#0000ff>Starting <b>Recalculate resources</b>...</font><br>
<font color=#0000ff>Executed <b>Recalculate resources</b> (</font><font color=#ff0000>queries: 1</font><font color=#0000ff>) in </font><font color=#009900>0.0287 secs</font><br><br>
<font color=#0000ff>Starting <b>Recalculate security forces</b>...</font><br>
0 of 6 planets now have adjusted values<br>
<font color=#0000ff>Executed <b>Recalculate security forces</b> (</font><font color=#ff0000>queries: 19</font><font color=#0000ff>) in </font><font color=#009900>0.0075 secs</font><br><br>
<font color=#0000ff>Starting <b>Unimatrix Zero Maintenance</b>...</font><br>
Unimatrix Zero Tact Cube count is: 1<br>
Unimatrix Zero Standard Cube count is: 4<br>
Unimatrix Zero Sphere count is: 12<br>
<font color=#0000ff>Executed <b>Unimatrix Zero Maintenance</b> (</font><font color=#ff0000>queries: 6</font><font color=#0000ff>) in </font><font color=#009900>0.0011 secs</font><br><br>
<font color=#0000ff>Starting <b>borg_npc_target Maintenance</b>...</font><br>
<font color=#0000ff>Executed <b>borg_npc_target Maintenance</b> (</font><font color=#ff0000>queries: 1</font><font color=#0000ff>) in </font><font color=#009900>0.0004 secs</font><br><br>
<font color=#0000ff>Starting <b>User SlowStats Update</b>...</font><br>
<font color=#0000ff>Executed <b>User SlowStats Update</b> (</font><font color=#ff0000>queries: 11</font><font color=#0000ff>) in </font><font color=#009900>0.0017 secs</font><br><br>
<font color=#0000ff>Starting <b>Buildings / Research level fix</b>...</font><br>
<font color=#0000ff>Executed <b>Buildings / Research level fix</b> (</font><font color=#ff0000>queries: 1</font><font color=#0000ff>) in </font><font color=#009900>0.0012 secs</font><br><br>
<font color=#0000ff>Starting <b>Rioters planets take over by the settlers</b>...</font><br>
<font color=#0000ff>Executed <b>Rioters planets take over by the settlers</b> (</font><font color=#ff0000>queries: 1</font><font color=#0000ff>) in </font><font color=#009900>0.0049 secs</font><br><br>
<font color=#0000ff>Starting <b>Logbook cleaning</b>...</font><br>
<font color=#0000ff>Executed <b>Logbook cleaning</b> (</font><font color=#ff0000>queries: 9</font><font color=#0000ff>) in </font><font color=#009900>0.0012 secs</font><br><br>
<font color=#0000ff>Starting <b>Clearing invalid war declarations</b>...</font><br>
<font color=#0000ff>Executed <b>Clearing invalid war declarations</b> (</font><font color=#ff0000>queries: 1</font><font color=#0000ff>) in </font><font color=#009900>0.0003 secs</font><br><br>
<b>Finished FixAll-Script in <font color=#009900>0.0704 secs</font><br>Executed Queries: <font color=#ff0000>51</font></b><br>
<br><br><br><b>-------------------------------------------------------------</b><br><b>Starting FixAll-Script at 25.03.21 14:05:01</b><br>
<font color=#0000ff>Starting <b>Recalculate resources</b>...</font><br>
<font color=#0000ff>Executed <b>Recalculate resources</b> (</font><font color=#ff0000>queries: 1</font><font color=#0000ff>) in </font><font color=#009900>0.0319 secs</font><br><br>
<font color=#0000ff>Starting <b>Recalculate security forces</b>...</font><br>
0 of 6 planets now have adjusted values<br>
<font color=#0000ff>Executed <b>Recalculate security forces</b> (</font><font color=#ff0000>queries: 19</font><font color=#0000ff>) in </font><font color=#009900>0.003 secs</font><br><br>
<font color=#0000ff>Starting <b>Unimatrix Zero Maintenance</b>...</font><br>
Unimatrix Zero Tact Cube count is: 1<br>
Unimatrix Zero Standard Cube count is: 4<br>
Unimatrix Zero Sphere count is: 12<br>
<font color=#0000ff>Executed <b>Unimatrix Zero Maintenance</b> (</font><font color=#ff0000>queries: 6</font><font color=#0000ff>) in </font><font color=#009900>0.001 secs</font><br><br>
<font color=#0000ff>Starting <b>borg_npc_target Maintenance</b>...</font><br>
<font color=#0000ff>Executed <b>borg_npc_target Maintenance</b> (</font><font color=#ff0000>queries: 1</font><font color=#0000ff>) in </font><font color=#009900>0.0003 secs</font><br><br>
<font color=#0000ff>Starting <b>User SlowStats Update</b>...</font><br>
<font color=#0000ff>Executed <b>User SlowStats Update</b> (</font><font color=#ff0000>queries: 11</font><font color=#0000ff>) in </font><font color=#009900>0.0017 secs</font><br><br>
<font color=#0000ff>Starting <b>Buildings / Research level fix</b>...</font><br>
<font color=#0000ff>Executed <b>Buildings / Research level fix</b> (</font><font color=#ff0000>queries: 1</font><font color=#0000ff>) in </font><font color=#009900>0.0009 secs</font><br><br>
<font color=#0000ff>Starting <b>Rioters planets take over by the settlers</b>...</font><br>
<font color=#0000ff>Executed <b>Rioters planets take over by the settlers</b> (</font><font color=#ff0000>queries: 1</font><font color=#0000ff>) in </font><font color=#009900>0.0055 secs</font><br><br>
<font color=#0000ff>Starting <b>Logbook cleaning</b>...</font><br>
<font color=#0000ff>Executed <b>Logbook cleaning</b> (</font><font color=#ff0000>queries: 9</font><font color=#0000ff>) in </font><font color=#009900>0.0011 secs</font><br><br>
<font color=#0000ff>Starting <b>Clearing invalid war declarations</b>...</font><br>
<font color=#0000ff>Executed <b>Clearing invalid war declarations</b> (</font><font color=#ff0000>queries: 1</font><font color=#0000ff>) in </font><font color=#009900>0.0003 secs</font><br><br>
<b>Finished FixAll-Script in <font color=#009900>0.0688 secs</font><br>Executed Queries: <font color=#ff0000>51</font></b><br>
