<br><br><br><b>-------------------------------------------------------------</b><br><b>Starting FixAll-Script at 24.03.21 00:05:01</b><br>
<font color=#0000ff>Starting <b>Recalculate resources</b>...</font><br>
<font color=#0000ff>Executed <b>Recalculate resources</b> (</font><font color=#ff0000>queries: 1</font><font color=#0000ff>) in </font><font color=#009900>0.0333 secs</font><br><br>
<font color=#0000ff>Starting <b>Recalculate security forces</b>...</font><br>
0 of 26 planets now have adjusted values<br>
<font color=#0000ff>Executed <b>Recalculate security forces</b> (</font><font color=#ff0000>queries: 22</font><font color=#0000ff>) in </font><font color=#009900>0.0086 secs</font><br><br>
<font color=#0000ff>Starting <b>Unimatrix Zero Maintenance</b>...</font><br>
Unimatrix Zero Tact Cube count is: 1<br>
Unimatrix Zero Standard Cube count is: 4<br>
Unimatrix Zero Sphere count is: 12<br>
<font color=#0000ff>Executed <b>Unimatrix Zero Maintenance</b> (</font><font color=#ff0000>queries: 6</font><font color=#0000ff>) in </font><font color=#009900>0.0027 secs</font><br><br>
<font color=#0000ff>Starting <b>borg_npc_target Maintenance</b>...</font><br>
<font color=#0000ff>Executed <b>borg_npc_target Maintenance</b> (</font><font color=#ff0000>queries: 1</font><font color=#0000ff>) in </font><font color=#009900>0.0003 secs</font><br><br>
<font color=#0000ff>Starting <b>User SlowStats Update</b>...</font><br>
<font color=#0000ff>Executed <b>User SlowStats Update</b> (</font><font color=#ff0000>queries: 16</font><font color=#0000ff>) in </font><font color=#009900>0.0026 secs</font><br><br>
<font color=#0000ff>Starting <b>Buildings / Research level fix</b>...</font><br>
<font color=#0000ff>Executed <b>Buildings / Research level fix</b> (</font><font color=#ff0000>queries: 1</font><font color=#0000ff>) in </font><font color=#009900>0.0022 secs</font><br><br>
<font color=#0000ff>Starting <b>Rioters planets take over by the settlers</b>...</font><br>
<font color=#0000ff>Executed <b>Rioters planets take over by the settlers</b> (</font><font color=#ff0000>queries: 1</font><font color=#0000ff>) in </font><font color=#009900>0.0049 secs</font><br><br>
<font color=#0000ff>Starting <b>Logbook cleaning</b>...</font><br>
<font color=#0000ff>Executed <b>Logbook cleaning</b> (</font><font color=#ff0000>queries: 10</font><font color=#0000ff>) in </font><font color=#009900>0.0011 secs</font><br><br>
<font color=#0000ff>Starting <b>Clearing invalid war declarations</b>...</font><br>
<font color=#0000ff>Executed <b>Clearing invalid war declarations</b> (</font><font color=#ff0000>queries: 1</font><font color=#0000ff>) in </font><font color=#009900>0.0002 secs</font><br><br>
<b>Finished FixAll-Script in <font color=#009900>0.0747 secs</font><br>Executed Queries: <font color=#ff0000>60</font></b><br>
<br><br><br><b>-------------------------------------------------------------</b><br><b>Starting FixAll-Script at 24.03.21 01:05:01</b><br>
<font color=#0000ff>Starting <b>Recalculate resources</b>...</font><br>
<font color=#0000ff>Executed <b>Recalculate resources</b> (</font><font color=#ff0000>queries: 1</font><font color=#0000ff>) in </font><font color=#009900>0.032 secs</font><br><br>
<font color=#0000ff>Starting <b>Recalculate security forces</b>...</font><br>
0 of 26 planets now have adjusted values<br>
<font color=#0000ff>Executed <b>Recalculate security forces</b> (</font><font color=#ff0000>queries: 22</font><font color=#0000ff>) in </font><font color=#009900>0.0066 secs</font><br><br>
<font color=#0000ff>Starting <b>Unimatrix Zero Maintenance</b>...</font><br>
Unimatrix Zero Tact Cube count is: 1<br>
Unimatrix Zero Standard Cube count is: 4<br>
Unimatrix Zero Sphere count is: 12<br>
<font color=#0000ff>Executed <b>Unimatrix Zero Maintenance</b> (</font><font color=#ff0000>queries: 6</font><font color=#0000ff>) in </font><font color=#009900>0.0007 secs</font><br><br>
<font color=#0000ff>Starting <b>borg_npc_target Maintenance</b>...</font><br>
<font color=#0000ff>Executed <b>borg_npc_target Maintenance</b> (</font><font color=#ff0000>queries: 1</font><font color=#0000ff>) in </font><font color=#009900>0.0003 secs</font><br><br>
<font color=#0000ff>Starting <b>User SlowStats Update</b>...</font><br>
<font color=#0000ff>Executed <b>User SlowStats Update</b> (</font><font color=#ff0000>queries: 16</font><font color=#0000ff>) in </font><font color=#009900>0.0048 secs</font><br><br>
<font color=#0000ff>Starting <b>Buildings / Research level fix</b>...</font><br>
<font color=#0000ff>Executed <b>Buildings / Research level fix</b> (</font><font color=#ff0000>queries: 1</font><font color=#0000ff>) in </font><font color=#009900>0.0016 secs</font><br><br>
<font color=#0000ff>Starting <b>Rioters planets take over by the settlers</b>...</font><br>
<font color=#0000ff>Executed <b>Rioters planets take over by the settlers</b> (</font><font color=#ff0000>queries: 1</font><font color=#0000ff>) in </font><font color=#009900>0.0047 secs</font><br><br>
<font color=#0000ff>Starting <b>Logbook cleaning</b>...</font><br>
<font color=#0000ff>Executed <b>Logbook cleaning</b> (</font><font color=#ff0000>queries: 10</font><font color=#0000ff>) in </font><font color=#009900>0.0011 secs</font><br><br>
<font color=#0000ff>Starting <b>Clearing invalid war declarations</b>...</font><br>
<font color=#0000ff>Executed <b>Clearing invalid war declarations</b> (</font><font color=#ff0000>queries: 1</font><font color=#0000ff>) in </font><font color=#009900>0.0002 secs</font><br><br>
<b>Finished FixAll-Script in <font color=#009900>0.0745 secs</font><br>Executed Queries: <font color=#ff0000>60</font></b><br>
<br><br><br><b>-------------------------------------------------------------</b><br><b>Starting FixAll-Script at 24.03.21 02:05:01</b><br>
<font color=#0000ff>Starting <b>Recalculate resources</b>...</font><br>
<font color=#0000ff>Executed <b>Recalculate resources</b> (</font><font color=#ff0000>queries: 1</font><font color=#0000ff>) in </font><font color=#009900>0.0351 secs</font><br><br>
<font color=#0000ff>Starting <b>Recalculate security forces</b>...</font><br>
0 of 26 planets now have adjusted values<br>
<font color=#0000ff>Executed <b>Recalculate security forces</b> (</font><font color=#ff0000>queries: 22</font><font color=#0000ff>) in </font><font color=#009900>0.0036 secs</font><br><br>
<font color=#0000ff>Starting <b>Unimatrix Zero Maintenance</b>...</font><br>
Unimatrix Zero Tact Cube count is: 1<br>
Unimatrix Zero Standard Cube count is: 4<br>
Unimatrix Zero Sphere count is: 12<br>
<font color=#0000ff>Executed <b>Unimatrix Zero Maintenance</b> (</font><font color=#ff0000>queries: 6</font><font color=#0000ff>) in </font><font color=#009900>0.0007 secs</font><br><br>
<font color=#0000ff>Starting <b>borg_npc_target Maintenance</b>...</font><br>
<font color=#0000ff>Executed <b>borg_npc_target Maintenance</b> (</font><font color=#ff0000>queries: 1</font><font color=#0000ff>) in </font><font color=#009900>0.0005 secs</font><br><br>
<font color=#0000ff>Starting <b>User SlowStats Update</b>...</font><br>
<font color=#0000ff>Executed <b>User SlowStats Update</b> (</font><font color=#ff0000>queries: 16</font><font color=#0000ff>) in </font><font color=#009900>0.0022 secs</font><br><br>
<font color=#0000ff>Starting <b>Buildings / Research level fix</b>...</font><br>
<font color=#0000ff>Executed <b>Buildings / Research level fix</b> (</font><font color=#ff0000>queries: 1</font><font color=#0000ff>) in </font><font color=#009900>0.0018 secs</font><br><br>
<font color=#0000ff>Starting <b>Rioters planets take over by the settlers</b>...</font><br>
<font color=#0000ff>Executed <b>Rioters planets take over by the settlers</b> (</font><font color=#ff0000>queries: 1</font><font color=#0000ff>) in </font><font color=#009900>0.0053 secs</font><br><br>
<font color=#0000ff>Starting <b>Logbook cleaning</b>...</font><br>
<font color=#0000ff>Executed <b>Logbook cleaning</b> (</font><font color=#ff0000>queries: 10</font><font color=#0000ff>) in </font><font color=#009900>0.0012 secs</font><br><br>
<font color=#0000ff>Starting <b>Clearing invalid war declarations</b>...</font><br>
<font color=#0000ff>Executed <b>Clearing invalid war declarations</b> (</font><font color=#ff0000>queries: 1</font><font color=#0000ff>) in </font><font color=#009900>0.0002 secs</font><br><br>
<b>Finished FixAll-Script in <font color=#009900>0.0801 secs</font><br>Executed Queries: <font color=#ff0000>60</font></b><br>
<br><br><br><b>-------------------------------------------------------------</b><br><b>Starting FixAll-Script at 24.03.21 03:05:02</b><br>
<font color=#0000ff>Starting <b>Recalculate resources</b>...</font><br>
<font color=#0000ff>Executed <b>Recalculate resources</b> (</font><font color=#ff0000>queries: 1</font><font color=#0000ff>) in </font><font color=#009900>0.0276 secs</font><br><br>
<font color=#0000ff>Starting <b>Recalculate security forces</b>...</font><br>
0 of 26 planets now have adjusted values<br>
<font color=#0000ff>Executed <b>Recalculate security forces</b> (</font><font color=#ff0000>queries: 22</font><font color=#0000ff>) in </font><font color=#009900>0.0106 secs</font><br><br>
<font color=#0000ff>Starting <b>Unimatrix Zero Maintenance</b>...</font><br>
Unimatrix Zero Tact Cube count is: 1<br>
Unimatrix Zero Standard Cube count is: 4<br>
Unimatrix Zero Sphere count is: 12<br>
<font color=#0000ff>Executed <b>Unimatrix Zero Maintenance</b> (</font><font color=#ff0000>queries: 6</font><font color=#0000ff>) in </font><font color=#009900>0.0029 secs</font><br><br>
<font color=#0000ff>Starting <b>borg_npc_target Maintenance</b>...</font><br>
<font color=#0000ff>Executed <b>borg_npc_target Maintenance</b> (</font><font color=#ff0000>queries: 1</font><font color=#0000ff>) in </font><font color=#009900>0.0005 secs</font><br><br>
<font color=#0000ff>Starting <b>User SlowStats Update</b>...</font><br>
<font color=#0000ff>Executed <b>User SlowStats Update</b> (</font><font color=#ff0000>queries: 16</font><font color=#0000ff>) in </font><font color=#009900>0.0023 secs</font><br><br>
<font color=#0000ff>Starting <b>Buildings / Research level fix</b>...</font><br>
<font color=#0000ff>Executed <b>Buildings / Research level fix</b> (</font><font color=#ff0000>queries: 1</font><font color=#0000ff>) in </font><font color=#009900>0.0017 secs</font><br><br>
<font color=#0000ff>Starting <b>Rioters planets take over by the settlers</b>...</font><br>
<font color=#0000ff>Executed <b>Rioters planets take over by the settlers</b> (</font><font color=#ff0000>queries: 1</font><font color=#0000ff>) in </font><font color=#009900>0.0045 secs</font><br><br>
<font color=#0000ff>Starting <b>Logbook cleaning</b>...</font><br>
<font color=#0000ff>Executed <b>Logbook cleaning</b> (</font><font color=#ff0000>queries: 10</font><font color=#0000ff>) in </font><font color=#009900>0.0015 secs</font><br><br>
<font color=#0000ff>Starting <b>Clearing invalid war declarations</b>...</font><br>
<font color=#0000ff>Executed <b>Clearing invalid war declarations</b> (</font><font color=#ff0000>queries: 1</font><font color=#0000ff>) in </font><font color=#009900>0.0003 secs</font><br><br>
<b>Finished FixAll-Script in <font color=#009900>0.0751 secs</font><br>Executed Queries: <font color=#ff0000>60</font></b><br>
<br><br><br><b>-------------------------------------------------------------</b><br><b>Starting FixAll-Script at 24.03.21 04:05:01</b><br>
<font color=#0000ff>Starting <b>Recalculate resources</b>...</font><br>
<font color=#0000ff>Executed <b>Recalculate resources</b> (</font><font color=#ff0000>queries: 1</font><font color=#0000ff>) in </font><font color=#009900>0.0305 secs</font><br><br>
<font color=#0000ff>Starting <b>Recalculate security forces</b>...</font><br>
0 of 26 planets now have adjusted values<br>
<font color=#0000ff>Executed <b>Recalculate security forces</b> (</font><font color=#ff0000>queries: 22</font><font color=#0000ff>) in </font><font color=#009900>0.0107 secs</font><br><br>
<font color=#0000ff>Starting <b>Unimatrix Zero Maintenance</b>...</font><br>
Unimatrix Zero Tact Cube count is: 1<br>
Unimatrix Zero Standard Cube count is: 4<br>
Unimatrix Zero Sphere count is: 12<br>
<font color=#0000ff>Executed <b>Unimatrix Zero Maintenance</b> (</font><font color=#ff0000>queries: 6</font><font color=#0000ff>) in </font><font color=#009900>0.0008 secs</font><br><br>
<font color=#0000ff>Starting <b>borg_npc_target Maintenance</b>...</font><br>
<font color=#0000ff>Executed <b>borg_npc_target Maintenance</b> (</font><font color=#ff0000>queries: 1</font><font color=#0000ff>) in </font><font color=#009900>0.0003 secs</font><br><br>
<font color=#0000ff>Starting <b>User SlowStats Update</b>...</font><br>
<font color=#0000ff>Executed <b>User SlowStats Update</b> (</font><font color=#ff0000>queries: 16</font><font color=#0000ff>) in </font><font color=#009900>0.0024 secs</font><br><br>
<font color=#0000ff>Starting <b>Buildings / Research level fix</b>...</font><br>
<font color=#0000ff>Executed <b>Buildings / Research level fix</b> (</font><font color=#ff0000>queries: 1</font><font color=#0000ff>) in </font><font color=#009900>0.0014 secs</font><br><br>
<font color=#0000ff>Starting <b>Rioters planets take over by the settlers</b>...</font><br>
<font color=#0000ff>Executed <b>Rioters planets take over by the settlers</b> (</font><font color=#ff0000>queries: 1</font><font color=#0000ff>) in </font><font color=#009900>0.0043 secs</font><br><br>
<font color=#0000ff>Starting <b>Logbook cleaning</b>...</font><br>
<font color=#0000ff>Executed <b>Logbook cleaning</b> (</font><font color=#ff0000>queries: 10</font><font color=#0000ff>) in </font><font color=#009900>0.0012 secs</font><br><br>
<font color=#0000ff>Starting <b>Clearing invalid war declarations</b>...</font><br>
<font color=#0000ff>Executed <b>Clearing invalid war declarations</b> (</font><font color=#ff0000>queries: 1</font><font color=#0000ff>) in </font><font color=#009900>0.0002 secs</font><br><br>
<b>Finished FixAll-Script in <font color=#009900>0.0709 secs</font><br>Executed Queries: <font color=#ff0000>60</font></b><br>
<br><br><br><b>-------------------------------------------------------------</b><br><b>Starting FixAll-Script at 24.03.21 05:05:02</b><br>
<font color=#0000ff>Starting <b>Recalculate resources</b>...</font><br>
<font color=#0000ff>Executed <b>Recalculate resources</b> (</font><font color=#ff0000>queries: 1</font><font color=#0000ff>) in </font><font color=#009900>0.0368 secs</font><br><br>
<font color=#0000ff>Starting <b>Recalculate security forces</b>...</font><br>
0 of 26 planets now have adjusted values<br>
<font color=#0000ff>Executed <b>Recalculate security forces</b> (</font><font color=#ff0000>queries: 22</font><font color=#0000ff>) in </font><font color=#009900>0.0089 secs</font><br><br>
<font color=#0000ff>Starting <b>Unimatrix Zero Maintenance</b>...</font><br>
Unimatrix Zero Tact Cube count is: 1<br>
Unimatrix Zero Standard Cube count is: 4<br>
Unimatrix Zero Sphere count is: 12<br>
<font color=#0000ff>Executed <b>Unimatrix Zero Maintenance</b> (</font><font color=#ff0000>queries: 6</font><font color=#0000ff>) in </font><font color=#009900>0.0023 secs</font><br><br>
<font color=#0000ff>Starting <b>borg_npc_target Maintenance</b>...</font><br>
<font color=#0000ff>Executed <b>borg_npc_target Maintenance</b> (</font><font color=#ff0000>queries: 1</font><font color=#0000ff>) in </font><font color=#009900>0.0012 secs</font><br><br>
<font color=#0000ff>Starting <b>User SlowStats Update</b>...</font><br>
<font color=#0000ff>Executed <b>User SlowStats Update</b> (</font><font color=#ff0000>queries: 16</font><font color=#0000ff>) in </font><font color=#009900>0.0053 secs</font><br><br>
<font color=#0000ff>Starting <b>Buildings / Research level fix</b>...</font><br>
<font color=#0000ff>Executed <b>Buildings / Research level fix</b> (</font><font color=#ff0000>queries: 1</font><font color=#0000ff>) in </font><font color=#009900>0.0072 secs</font><br><br>
<font color=#0000ff>Starting <b>Rioters planets take over by the settlers</b>...</font><br>
<font color=#0000ff>Executed <b>Rioters planets take over by the settlers</b> (</font><font color=#ff0000>queries: 1</font><font color=#0000ff>) in </font><font color=#009900>0.0068 secs</font><br><br>
<font color=#0000ff>Starting <b>Logbook cleaning</b>...</font><br>
<font color=#0000ff>Executed <b>Logbook cleaning</b> (</font><font color=#ff0000>queries: 10</font><font color=#0000ff>) in </font><font color=#009900>0.0017 secs</font><br><br>
<font color=#0000ff>Starting <b>Clearing invalid war declarations</b>...</font><br>
<font color=#0000ff>Executed <b>Clearing invalid war declarations</b> (</font><font color=#ff0000>queries: 1</font><font color=#0000ff>) in </font><font color=#009900>0.0004 secs</font><br><br>
<b>Finished FixAll-Script in <font color=#009900>0.0952 secs</font><br>Executed Queries: <font color=#ff0000>60</font></b><br>
<br><br><br><b>-------------------------------------------------------------</b><br><b>Starting FixAll-Script at 24.03.21 06:05:02</b><br>
<font color=#0000ff>Starting <b>Recalculate resources</b>...</font><br>
<font color=#0000ff>Executed <b>Recalculate resources</b> (</font><font color=#ff0000>queries: 1</font><font color=#0000ff>) in </font><font color=#009900>0.0346 secs</font><br><br>
<font color=#0000ff>Starting <b>Recalculate security forces</b>...</font><br>
0 of 26 planets now have adjusted values<br>
<font color=#0000ff>Executed <b>Recalculate security forces</b> (</font><font color=#ff0000>queries: 22</font><font color=#0000ff>) in </font><font color=#009900>0.0096 secs</font><br><br>
<font color=#0000ff>Starting <b>Unimatrix Zero Maintenance</b>...</font><br>
Unimatrix Zero Tact Cube count is: 1<br>
Unimatrix Zero Standard Cube count is: 4<br>
Unimatrix Zero Sphere count is: 12<br>
<font color=#0000ff>Executed <b>Unimatrix Zero Maintenance</b> (</font><font color=#ff0000>queries: 6</font><font color=#0000ff>) in </font><font color=#009900>0.0009 secs</font><br><br>
<font color=#0000ff>Starting <b>borg_npc_target Maintenance</b>...</font><br>
<font color=#0000ff>Executed <b>borg_npc_target Maintenance</b> (</font><font color=#ff0000>queries: 1</font><font color=#0000ff>) in </font><font color=#009900>0.0004 secs</font><br><br>
<font color=#0000ff>Starting <b>User SlowStats Update</b>...</font><br>
<font color=#0000ff>Executed <b>User SlowStats Update</b> (</font><font color=#ff0000>queries: 16</font><font color=#0000ff>) in </font><font color=#009900>0.0051 secs</font><br><br>
<font color=#0000ff>Starting <b>Buildings / Research level fix</b>...</font><br>
<font color=#0000ff>Executed <b>Buildings / Research level fix</b> (</font><font color=#ff0000>queries: 1</font><font color=#0000ff>) in </font><font color=#009900>0.0022 secs</font><br><br>
<font color=#0000ff>Starting <b>Rioters planets take over by the settlers</b>...</font><br>
<font color=#0000ff>Executed <b>Rioters planets take over by the settlers</b> (</font><font color=#ff0000>queries: 1</font><font color=#0000ff>) in </font><font color=#009900>0.0061 secs</font><br><br>
<font color=#0000ff>Starting <b>Logbook cleaning</b>...</font><br>
<font color=#0000ff>Executed <b>Logbook cleaning</b> (</font><font color=#ff0000>queries: 10</font><font color=#0000ff>) in </font><font color=#009900>0.0014 secs</font><br><br>
<font color=#0000ff>Starting <b>Clearing invalid war declarations</b>...</font><br>
<font color=#0000ff>Executed <b>Clearing invalid war declarations</b> (</font><font color=#ff0000>queries: 1</font><font color=#0000ff>) in </font><font color=#009900>0.0003 secs</font><br><br>
<b>Finished FixAll-Script in <font color=#009900>0.0878 secs</font><br>Executed Queries: <font color=#ff0000>60</font></b><br>
<br><br><br><b>-------------------------------------------------------------</b><br><b>Starting FixAll-Script at 24.03.21 07:05:01</b><br>
<font color=#0000ff>Starting <b>Recalculate resources</b>...</font><br>
<font color=#0000ff>Executed <b>Recalculate resources</b> (</font><font color=#ff0000>queries: 1</font><font color=#0000ff>) in </font><font color=#009900>0.0302 secs</font><br><br>
<font color=#0000ff>Starting <b>Recalculate security forces</b>...</font><br>
0 of 26 planets now have adjusted values<br>
<font color=#0000ff>Executed <b>Recalculate security forces</b> (</font><font color=#ff0000>queries: 22</font><font color=#0000ff>) in </font><font color=#009900>0.0091 secs</font><br><br>
<font color=#0000ff>Starting <b>Unimatrix Zero Maintenance</b>...</font><br>
Unimatrix Zero Tact Cube count is: 1<br>
Unimatrix Zero Standard Cube count is: 4<br>
Unimatrix Zero Sphere count is: 12<br>
<font color=#0000ff>Executed <b>Unimatrix Zero Maintenance</b> (</font><font color=#ff0000>queries: 6</font><font color=#0000ff>) in </font><font color=#009900>0.0009 secs</font><br><br>
<font color=#0000ff>Starting <b>borg_npc_target Maintenance</b>...</font><br>
<font color=#0000ff>Executed <b>borg_npc_target Maintenance</b> (</font><font color=#ff0000>queries: 1</font><font color=#0000ff>) in </font><font color=#009900>0.0003 secs</font><br><br>
<font color=#0000ff>Starting <b>User SlowStats Update</b>...</font><br>
<font color=#0000ff>Executed <b>User SlowStats Update</b> (</font><font color=#ff0000>queries: 16</font><font color=#0000ff>) in </font><font color=#009900>0.0022 secs</font><br><br>
<font color=#0000ff>Starting <b>Buildings / Research level fix</b>...</font><br>
<font color=#0000ff>Executed <b>Buildings / Research level fix</b> (</font><font color=#ff0000>queries: 1</font><font color=#0000ff>) in </font><font color=#009900>0.0016 secs</font><br><br>
<font color=#0000ff>Starting <b>Rioters planets take over by the settlers</b>...</font><br>
<font color=#0000ff>Executed <b>Rioters planets take over by the settlers</b> (</font><font color=#ff0000>queries: 1</font><font color=#0000ff>) in </font><font color=#009900>0.0044 secs</font><br><br>
<font color=#0000ff>Starting <b>Logbook cleaning</b>...</font><br>
<font color=#0000ff>Executed <b>Logbook cleaning</b> (</font><font color=#ff0000>queries: 10</font><font color=#0000ff>) in </font><font color=#009900>0.0012 secs</font><br><br>
<font color=#0000ff>Starting <b>Clearing invalid war declarations</b>...</font><br>
<font color=#0000ff>Executed <b>Clearing invalid war declarations</b> (</font><font color=#ff0000>queries: 1</font><font color=#0000ff>) in </font><font color=#009900>0.0002 secs</font><br><br>
<b>Finished FixAll-Script in <font color=#009900>0.0736 secs</font><br>Executed Queries: <font color=#ff0000>60</font></b><br>
<br><br><br><b>-------------------------------------------------------------</b><br><b>Starting FixAll-Script at 24.03.21 08:05:01</b><br>
<font color=#0000ff>Starting <b>Recalculate resources</b>...</font><br>
<font color=#0000ff>Executed <b>Recalculate resources</b> (</font><font color=#ff0000>queries: 1</font><font color=#0000ff>) in </font><font color=#009900>0.0304 secs</font><br><br>
<font color=#0000ff>Starting <b>Recalculate security forces</b>...</font><br>
0 of 26 planets now have adjusted values<br>
<font color=#0000ff>Executed <b>Recalculate security forces</b> (</font><font color=#ff0000>queries: 22</font><font color=#0000ff>) in </font><font color=#009900>0.0087 secs</font><br><br>
<font color=#0000ff>Starting <b>Unimatrix Zero Maintenance</b>...</font><br>
Unimatrix Zero Tact Cube count is: 1<br>
Unimatrix Zero Standard Cube count is: 4<br>
Unimatrix Zero Sphere count is: 12<br>
<font color=#0000ff>Executed <b>Unimatrix Zero Maintenance</b> (</font><font color=#ff0000>queries: 6</font><font color=#0000ff>) in </font><font color=#009900>0.0011 secs</font><br><br>
<font color=#0000ff>Starting <b>borg_npc_target Maintenance</b>...</font><br>
<font color=#0000ff>Executed <b>borg_npc_target Maintenance</b> (</font><font color=#ff0000>queries: 1</font><font color=#0000ff>) in </font><font color=#009900>0.0004 secs</font><br><br>
<font color=#0000ff>Starting <b>User SlowStats Update</b>...</font><br>
<font color=#0000ff>Executed <b>User SlowStats Update</b> (</font><font color=#ff0000>queries: 16</font><font color=#0000ff>) in </font><font color=#009900>0.0021 secs</font><br><br>
<font color=#0000ff>Starting <b>Buildings / Research level fix</b>...</font><br>
<font color=#0000ff>Executed <b>Buildings / Research level fix</b> (</font><font color=#ff0000>queries: 1</font><font color=#0000ff>) in </font><font color=#009900>0.0017 secs</font><br><br>
<font color=#0000ff>Starting <b>Rioters planets take over by the settlers</b>...</font><br>
<font color=#0000ff>Executed <b>Rioters planets take over by the settlers</b> (</font><font color=#ff0000>queries: 1</font><font color=#0000ff>) in </font><font color=#009900>0.0038 secs</font><br><br>
<font color=#0000ff>Starting <b>Logbook cleaning</b>...</font><br>
<font color=#0000ff>Executed <b>Logbook cleaning</b> (</font><font color=#ff0000>queries: 10</font><font color=#0000ff>) in </font><font color=#009900>0.0011 secs</font><br><br>
<font color=#0000ff>Starting <b>Clearing invalid war declarations</b>...</font><br>
<font color=#0000ff>Executed <b>Clearing invalid war declarations</b> (</font><font color=#ff0000>queries: 1</font><font color=#0000ff>) in </font><font color=#009900>0.0003 secs</font><br><br>
<b>Finished FixAll-Script in <font color=#009900>0.0715 secs</font><br>Executed Queries: <font color=#ff0000>60</font></b><br>
